#
# A fatal error has been detected by the Java Runtime Environment:
#
#  EXCEPTION_ACCESS_VIOLATION (0xc0000005) at pc=0x00007ffff62ac986, pid=2808, tid=18936
#
# JRE version: OpenJDK Runtime Environment Temurin-17.0.6+10 (17.0.6+10) (build 17.0.6+10)
# Java VM: OpenJDK 64-Bit Server VM Temurin-17.0.6+10 (17.0.6+10, mixed mode, emulated-client, tiered, compressed oops, compressed class ptrs, g1 gc, windows-amd64)
# Problematic frame:
# V  [jvm.dll+0xc986]
#
# No core dump will be written. Minidumps are not enabled by default on client versions of Windows
#
# If you would like to submit a bug report, please visit:
#   https://github.com/adoptium/adoptium-support/issues
#

---------------  S U M M A R Y ------------

Command Line: -XX:+HeapDumpOnOutOfMemoryError -Xmx1024m -Dsts.lsp.client=vscode -Dsts.log.file=/dev/null -XX:TieredStopAtLevel=1 -Xlog:jni+resolve=off -Dspring.config.location=file:c:\Users\lufer\.vscode\extensions\vmware.vscode-spring-boot-1.44.0\language-server\BOOT-INF\classes\application.properties org.springframework.ide.vscode.boot.app.BootLanguageServerBootApp

Host: Intel(R) Core(TM) i3-3110M CPU @ 2.40GHz, 4 cores, 7G,  Windows 10 , 64 bit Build 19041 (10.0.19041.2546)
Time: Mon Feb 27 09:30:33 2023 SA Pacific Standard Time elapsed time: 26.274910 seconds (0d 0h 0m 26s)

---------------  T H R E A D  ---------------

Current thread (0x00000185980f25a0):  GCTaskThread "GC Thread#0" [stack: 0x0000000642000000,0x0000000642100000] [id=18936]

Stack: [0x0000000642000000,0x0000000642100000],  sp=0x00000006420ff258,  free space=1020k
Native frames: (J=compiled Java code, j=interpreted, Vv=VM code, C=native code)
V  [jvm.dll+0xc986]


siginfo: EXCEPTION_ACCESS_VIOLATION (0xc0000005), reading address 0x0000000003080358


Register to memory mapping:

RIP=0x00007ffff62ac986 jvm.dll
RAX=0x0000000000000002 is an unknown value
RBX=0x0000000000000001 is an unknown value
RCX=0x00000000c9468680 is pointing into object: [C 
{0x00000000c9468678} - klass: {type array char}
 - length: 4
RDX=0x00000000c9468680 is pointing into object: [C 
{0x00000000c9468678} - klass: {type array char}
 - length: 4
RSP=0x00000006420ff258 points into unknown readable memory: 0x00007ffff65a63cf | cf 63 5a f6 ff 7f 00 00
RBP=0x00000006420ff2d8 points into unknown readable memory: 0x0000000000000000 | 00 00 00 00 00 00 00 00
RSI=0x00000185a3f9fb10 points into unknown readable memory: 0x00007ffff6bf8288 | 88 82 bf f6 ff 7f 00 00
RDI=0x00000185a3f9fb10 points into unknown readable memory: 0x00007ffff6bf8288 | 88 82 bf f6 ff 7f 00 00
R8 =0x00000000c9468680 is pointing into object: [C 
{0x00000000c9468678} - klass: {type array char}
 - length: 4
R9 =0x0000000003080350 is an unknown value
R10=0x00000000c9468680 is pointing into object: [C 
{0x00000000c9468678} - klass: {type array char}
 - length: 4
R11=0x0000000000000001 is an unknown value
R12=0x00000006420ff5d0 points into unknown readable memory: 0x00007ffff6bf9340 | 40 93 bf f6 ff 7f 00 00
R13=0x00000000c9468680 is pointing into object: [C 
{0x00000000c9468678} - klass: {type array char}
 - length: 4
R14=0x0000000003080350 is an unknown value
R15=0x0 is NULL


Registers:
RAX=0x0000000000000002, RBX=0x0000000000000001, RCX=0x00000000c9468680, RDX=0x00000000c9468680
RSP=0x00000006420ff258, RBP=0x00000006420ff2d8, RSI=0x00000185a3f9fb10, RDI=0x00000185a3f9fb10
R8 =0x00000000c9468680, R9 =0x0000000003080350, R10=0x00000000c9468680, R11=0x0000000000000001
R12=0x00000006420ff5d0, R13=0x00000000c9468680, R14=0x0000000003080350, R15=0x0000000000000000
RIP=0x00007ffff62ac986, EFLAGS=0x0000000000010206

Top of Stack: (sp=0x00000006420ff258)
0x00000006420ff258:   00007ffff65a63cf 0000000000000000
0x00000006420ff268:   00000006420ff2d8 00000185a3f9fb10
0x00000006420ff278:   00000185980c77b0 0000000000000002
0x00000006420ff288:   00007ffff6572663 00000000c9600001
0x00000006420ff298:   00007ffff65a0001 0000000000000003
0x00000006420ff2a8:   0000000000000009 0000000000000010
0x00000006420ff2b8:   00000006420ff420 00000185980c8c80
0x00000006420ff2c8:   00000000c63fca00 00000185a3f9fc90
0x00000006420ff2d8:   0000000000000000 0000000000000040
0x00000006420ff2e8:   00000185980c8c80 00000006420ff5d0
0x00000006420ff2f8:   00000185a3f9fb10 00000000c9612b84
0x00000006420ff308:   00000000c9612b85 000000000000628e
0x00000006420ff318:   00007ffff65a7462 00000000c9280001
0x00000006420ff328:   0000000000000001 00000185980c0001
0x00000006420ff338:   000000042000803e 00000006420ff3c0
0x00000006420ff348:   0000018595eda660 00000000c0492658 

Instructions: (pc=0x00007ffff62ac986)
0x00007ffff62ac886:   cc cc cc cc cc cc cc cc cc cc 4c 8b 01 4c 8b c9
0x00007ffff62ac896:   48 8b 0d 73 d3 b4 00 ba 64 60 08 00 e9 c9 f1 ff
0x00007ffff62ac8a6:   ff cc cc cc cc cc cc cc cc cc 8b 05 32 1a af 00
0x00007ffff62ac8b6:   c3 cc cc cc cc cc cc cc cc cc 0f b6 05 b8 db b5
0x00007ffff62ac8c6:   00 48 8b d1 84 c0 74 16 44 8b 41 08 8b 0d 10 1a
0x00007ffff62ac8d6:   af 00 49 d3 e0 4c 03 05 fe 19 af 00 eb 04 4c 8b
0x00007ffff62ac8e6:   41 08 45 8b 50 08 45 85 d2 7e 0e 41 f6 c2 01 75
0x00007ffff62ac8f6:   53 41 c1 fa 03 41 8b c2 c3 79 49 84 c0 b9 10 00
0x00007ffff62ac906:   00 00 8b 05 16 29 af 00 41 b8 0c 00 00 00 41 0f
0x00007ffff62ac916:   45 c8 ff c8 4c 63 c8 48 63 14 11 41 8b ca 83 e1
0x00007ffff62ac926:   3f 48 d3 e2 41 8b ca 48 c1 f9 10 0f b6 c1 49 8d
0x00007ffff62ac936:   0c 11 49 f7 d1 48 03 c1 49 c1 e9 03 48 c1 e8 03
0x00007ffff62ac946:   41 23 c1 c3 49 8b 00 49 8b c8 48 ff a0 00 01 00
0x00007ffff62ac956:   00 cc cc cc cc cc cc cc cc cc 8b 44 24 30 45 03
0x00007ffff62ac966:   c9 44 2b 4c 24 28 83 c0 0b 44 03 ca 45 03 c8 41
0x00007ffff62ac976:   03 c1 c3 cc cc cc cc cc cc cc 4c 8b ca 48 8b d1
0x00007ffff62ac986:   45 8b 41 08 45 85 c0 7e 0e 41 f6 c0 01 75 56 41
0x00007ffff62ac996:   c1 f8 03 41 8b c0 c3 79 4c 80 3d d9 da b5 00 00
0x00007ffff62ac9a6:   b8 0c 00 00 00 b9 10 00 00 00 0f 45 c8 8b 05 6b
0x00007ffff62ac9b6:   28 af 00 ff c8 4c 63 c8 48 63 14 11 41 8b c8 83
0x00007ffff62ac9c6:   e1 3f 48 d3 e2 41 8b c8 48 c1 f9 10 0f b6 c1 49
0x00007ffff62ac9d6:   8d 0c 11 49 f7 d1 48 03 c1 49 c1 e9 03 48 c1 e8
0x00007ffff62ac9e6:   03 41 23 c1 c3 49 8b 01 49 8b c9 48 ff a0 00 01
0x00007ffff62ac9f6:   00 00 cc cc cc cc cc cc cc cc 48 8b 41 08 0f b7
0x00007ffff62aca06:   48 2a 0f b7 40 28 83 c0 48 03 c1 c3 cc cc cc cc
0x00007ffff62aca16:   cc cc cc cc cc cc cc cc cc cc 48 89 5c 24 08 57
0x00007ffff62aca26:   48 83 ec 20 0f b6 05 bf b7 b9 00 48 8b fa 48 8b
0x00007ffff62aca36:   d9 84 c0 74 4f 48 85 15 d6 af b9 00 74 38 48 8b
0x00007ffff62aca46:   ca e8 94 8b 85 00 48 8b d0 48 85 db 74 25 48 85
0x00007ffff62aca56:   c0 74 20 48 8b c7 f0 48 0f b1 13 74 16 48 85 05
0x00007ffff62aca66:   ae af b9 00 74 0d 48 8b c8 f0 48 0f b1 13 48 3b
0x00007ffff62aca76:   c1 75 ea 48 8b fa 48 8b c7 48 8b 5c 24 30 48 83 


Stack slot to memory mapping:
stack at sp + 0 slots: 0x00007ffff65a63cf jvm.dll
stack at sp + 1 slots: 0x0 is NULL
stack at sp + 2 slots: 0x00000006420ff2d8 points into unknown readable memory: 0x0000000000000000 | 00 00 00 00 00 00 00 00
stack at sp + 3 slots: 0x00000185a3f9fb10 points into unknown readable memory: 0x00007ffff6bf8288 | 88 82 bf f6 ff 7f 00 00
stack at sp + 4 slots: 0x00000185980c77b0 points into unknown readable memory: 0x00007ffff6bf1940 | 40 19 bf f6 ff 7f 00 00
stack at sp + 5 slots: 0x0000000000000002 is an unknown value
stack at sp + 6 slots: 0x00007ffff6572663 jvm.dll
stack at sp + 7 slots: 0x00000000c9600001 is pointing into object: [B 
{0x00000000c9600000} - klass: {type array byte}
 - length: 1024


---------------  P R O C E S S  ---------------

Threads class SMR info:
_java_thread_list=0x00000185a7248ce0, length=43, elements={
0x00000185a2611750, 0x00000185a2612700, 0x00000185a263fa30, 0x00000185a2642ab0,
0x00000185a2644470, 0x00000185a2644e20, 0x00000185a2645880, 0x00000185a266aa30,
0x00000185a31eea60, 0x00000185a31f00f0, 0x00000185a4536450, 0x00000185a4357420,
0x00000185a407f020, 0x00000185a407f4f0, 0x00000185980b2750, 0x00000185a3a17b50,
0x00000185a41f5850, 0x00000185a4250720, 0x00000185a426c840, 0x00000185a45880a0,
0x00000185a4588a40, 0x00000185a4588570, 0x00000185a4588f10, 0x00000185a45898b0,
0x00000185a45893e0, 0x00000185a4862160, 0x00000185a485f610, 0x00000185a485ec70,
0x00000185a485de00, 0x00000185a485fae0, 0x00000185a48617c0, 0x00000185a485ffb0,
0x00000185a4864310, 0x00000185a48612f0, 0x00000185a4862630, 0x00000185a48647e0,
0x00000185a4862fd0, 0x00000185a48634a0, 0x00000185a4863e40, 0x00000185a4862b00,
0x00000185a4863970, 0x00000185a6ff10c0, 0x00000185a7049da0
}

Java Threads: ( => current thread )
  0x00000185a2611750 JavaThread "Reference Handler" daemon [_thread_blocked, id=15288, stack(0x0000000642600000,0x0000000642700000)]
  0x00000185a2612700 JavaThread "Finalizer" daemon [_thread_blocked, id=17252, stack(0x0000000642700000,0x0000000642800000)]
  0x00000185a263fa30 JavaThread "Signal Dispatcher" daemon [_thread_blocked, id=14360, stack(0x0000000642800000,0x0000000642900000)]
  0x00000185a2642ab0 JavaThread "Attach Listener" daemon [_thread_blocked, id=636, stack(0x0000000642900000,0x0000000642a00000)]
  0x00000185a2644470 JavaThread "Service Thread" daemon [_thread_blocked, id=18016, stack(0x0000000642a00000,0x0000000642b00000)]
  0x00000185a2644e20 JavaThread "Monitor Deflation Thread" daemon [_thread_blocked, id=16616, stack(0x0000000642b00000,0x0000000642c00000)]
  0x00000185a2645880 JavaThread "C1 CompilerThread0" daemon [_thread_blocked, id=16060, stack(0x0000000642c00000,0x0000000642d00000)]
  0x00000185a266aa30 JavaThread "Sweeper thread" daemon [_thread_blocked, id=2900, stack(0x0000000642d00000,0x0000000642e00000)]
  0x00000185a31eea60 JavaThread "Notification Thread" daemon [_thread_blocked, id=9308, stack(0x0000000642e00000,0x0000000642f00000)]
  0x00000185a31f00f0 JavaThread "Common-Cleaner" daemon [_thread_blocked, id=9280, stack(0x0000000643000000,0x0000000643100000)]
  0x00000185a4536450 JavaThread "boundedElastic-evictor-1" daemon [_thread_blocked, id=19288, stack(0x0000000643500000,0x0000000643600000)]
  0x00000185a4357420 JavaThread "boundedElastic-evictor-2" daemon [_thread_blocked, id=7488, stack(0x0000000643700000,0x0000000643800000)]
  0x00000185a407f020 JavaThread "pool-10-thread-1" [_thread_blocked, id=4508, stack(0x0000000643800000,0x0000000643900000)]
  0x00000185a407f4f0 JavaThread "LanguageServerApp-lifecycle" [_thread_blocked, id=17608, stack(0x0000000643900000,0x0000000643a00000)]
  0x00000185980b2750 JavaThread "DestroyJavaVM" [_thread_blocked, id=15992, stack(0x0000000641f00000,0x0000000642000000)]
  0x00000185a3a17b50 JavaThread "pool-11-thread-1" [_thread_in_native, id=7552, stack(0x0000000643a00000,0x0000000643b00000)]
  0x00000185a41f5850 JavaThread "Simple-Language-Server main thread" daemon [_thread_blocked, id=18696, stack(0x0000000643b00000,0x0000000643c00000)]
  0x00000185a4250720 JavaThread "pool-6-thread-1" [_thread_blocked, id=16472, stack(0x0000000643c00000,0x0000000643d00000)]
  0x00000185a426c840 JavaThread "ForkJoinPool.commonPool-worker-1" daemon [_thread_blocked, id=9440, stack(0x0000000643d00000,0x0000000643e00000)]
  0x00000185a45880a0 JavaThread "parallel-1" daemon [_thread_blocked, id=4048, stack(0x0000000643e00000,0x0000000643f00000)]
  0x00000185a4588a40 JavaThread "pool-3-thread-1" [_thread_blocked, id=16568, stack(0x0000000643f00000,0x0000000644000000)]
  0x00000185a4588570 JavaThread "ForkJoinPool.commonPool-worker-2" daemon [_thread_blocked, id=1248, stack(0x0000000644000000,0x0000000644100000)]
  0x00000185a4588f10 JavaThread "pool-3-thread-2" [_thread_blocked, id=4136, stack(0x0000000644100000,0x0000000644200000)]
  0x00000185a45898b0 JavaThread "ClassGraph-worker-0" daemon [_thread_blocked, id=5724, stack(0x0000000644200000,0x0000000644300000)]
  0x00000185a45893e0 JavaThread "ClassGraph-worker-1" daemon [_thread_blocked, id=12320, stack(0x0000000644300000,0x0000000644400000)]
  0x00000185a4862160 JavaThread "ClassGraph-worker-2" daemon [_thread_blocked, id=13648, stack(0x0000000644400000,0x0000000644500000)]
  0x00000185a485f610 JavaThread "ClassGraph-worker-3" daemon [_thread_blocked, id=1296, stack(0x0000000644500000,0x0000000644600000)]
  0x00000185a485ec70 JavaThread "ClassGraph-worker-4" daemon [_thread_blocked, id=5792, stack(0x0000000644600000,0x0000000644700000)]
  0x00000185a485de00 JavaThread "ClassGraph-worker-5" daemon [_thread_blocked, id=11288, stack(0x0000000644700000,0x0000000644800000)]
  0x00000185a485fae0 JavaThread "ClassGraph-worker-6" daemon [_thread_blocked, id=8796, stack(0x0000000644800000,0x0000000644900000)]
  0x00000185a48617c0 JavaThread "ClassGraph-worker-7" daemon [_thread_blocked, id=16580, stack(0x0000000644900000,0x0000000644a00000)]
  0x00000185a485ffb0 JavaThread "pool-3-thread-3" [_thread_blocked, id=8736, stack(0x0000000644b00000,0x0000000644c00000)]
  0x00000185a4864310 JavaThread "pool-4-thread-1" [_thread_blocked, id=3276, stack(0x0000000644c00000,0x0000000644d00000)]
  0x00000185a48612f0 JavaThread "parallel-2" daemon [_thread_blocked, id=11176, stack(0x0000000644d00000,0x0000000644e00000)]
  0x00000185a4862630 JavaThread "ForkJoinPool.commonPool-worker-3" daemon [_thread_blocked, id=10056, stack(0x0000000644e00000,0x0000000644f00000)]
  0x00000185a48647e0 JavaThread "pool-2-thread-1" [_thread_blocked, id=3320, stack(0x0000000643100000,0x0000000643200000)]
  0x00000185a4862fd0 JavaThread "pool-2-thread-2" [_thread_blocked, id=8464, stack(0x0000000643600000,0x0000000643700000)]
  0x00000185a48634a0 JavaThread "pool-2-thread-3" [_thread_blocked, id=7572, stack(0x0000000644f00000,0x0000000645000000)]
  0x00000185a4863e40 JavaThread "parallel-3" daemon [_thread_blocked, id=18172, stack(0x0000000645000000,0x0000000645100000)]
  0x00000185a4862b00 JavaThread "Project-Reconciler-1" daemon [_thread_blocked, id=9608, stack(0x0000000645100000,0x0000000645200000)]
  0x00000185a4863970 JavaThread "pool-3-thread-4" [_thread_blocked, id=2952, stack(0x0000000645200000,0x0000000645300000)]
  0x00000185a6ff10c0 JavaThread "C1 CompilerThread1" daemon [_thread_blocked, id=17136, stack(0x0000000645300000,0x0000000645400000)]
  0x00000185a7049da0 JavaThread "C1 CompilerThread2" daemon [_thread_blocked, id=17692, stack(0x0000000645400000,0x0000000645500000)]

Other Threads:
  0x00000185a25c1100 VMThread "VM Thread" [stack: 0x0000000642500000,0x0000000642600000] [id=13596]
  0x0000018598103fd0 WatcherThread [stack: 0x0000000642f00000,0x0000000643000000] [id=19144]
=>0x00000185980f25a0 GCTaskThread "GC Thread#0" [stack: 0x0000000642000000,0x0000000642100000] [id=18936]
  0x00000185a3940940 GCTaskThread "GC Thread#1" [stack: 0x0000000643200000,0x0000000643300000] [id=15584]
  0x00000185a3940bf0 GCTaskThread "GC Thread#2" [stack: 0x0000000643300000,0x0000000643400000] [id=8932]
  0x00000185a3940ea0 GCTaskThread "GC Thread#3" [stack: 0x0000000643400000,0x0000000643500000] [id=5520]
  0x00000185980fc4f0 ConcurrentGCThread "G1 Main Marker" [stack: 0x0000000642100000,0x0000000642200000] [id=2468]
  0x00000185980fd6a0 ConcurrentGCThread "G1 Conc#0" [stack: 0x0000000642200000,0x0000000642300000] [id=18828]
  0x0000018598173550 ConcurrentGCThread "G1 Refine#0" [stack: 0x0000000642300000,0x0000000642400000] [id=16780]
  0x00000185a4b4f2d0 ConcurrentGCThread "G1 Refine#1" [stack: 0x0000000644a00000,0x0000000644b00000] [id=5564]
  0x0000018598175f80 ConcurrentGCThread "G1 Service" [stack: 0x0000000642400000,0x0000000642500000] [id=17132]

Threads with active compile tasks:

VM state: at safepoint (normal execution)

VM Mutex/Monitor currently owned by a thread:  ([mutex/lock_event])
[0x0000018595ec8690] Threads_lock - owner thread: 0x00000185a25c1100
[0x00000185980b19f0] Heap_lock - owner thread: 0x00000185a48617c0

Heap address: 0x00000000c0000000, size: 1024 MB, Compressed Oops mode: 32-bit

CDS archive(s) not mapped
Compressed class space mapped at: 0x0000000100000000-0x0000000140000000, reserved size: 1073741824
Narrow klass base: 0x0000000000000000, Narrow klass shift: 3, Narrow klass range: 0x140000000

GC Precious Log:
 CPUs: 4 total, 4 available
 Memory: 8089M
 Large Page Support: Disabled
 NUMA Support: Disabled
 Compressed Oops: Enabled (32-bit)
 Heap Region Size: 1M
 Heap Min Capacity: 8M
 Heap Initial Capacity: 128M
 Heap Max Capacity: 1G
 Pre-touch: Disabled
 Parallel Workers: 4
 Concurrent Workers: 1
 Concurrent Refinement Workers: 4
 Periodic GC: Disabled

Heap:
 garbage-first heap   total 239616K, used 200175K [0x00000000c0000000, 0x0000000100000000)
  region size 1024K, 90 young (92160K), 8 survivors (8192K)
 Metaspace       used 55483K, committed 55936K, reserved 1097728K
  class space    used 7079K, committed 7296K, reserved 1048576K

Heap Regions: E=young(eden), S=young(survivor), O=old, HS=humongous(starts), HC=humongous(continues), CS=collection set, F=free, OA=open archive, CA=closed archive, TAMS=top-at-mark-start (previous, next)
|   0|0x00000000c0000000, 0x00000000c0100000, 0x00000000c0100000|100%| O|  |TAMS 0x00000000c0100000, 0x00000000c0000000| Untracked 
|   1|0x00000000c0100000, 0x00000000c0200000, 0x00000000c0200000|100%| O|  |TAMS 0x00000000c0200000, 0x00000000c0100000| Untracked 
|   2|0x00000000c0200000, 0x00000000c0300000, 0x00000000c0300000|100%| O|  |TAMS 0x00000000c0300000, 0x00000000c0200000| Untracked 
|   3|0x00000000c0300000, 0x00000000c0400000, 0x00000000c0400000|100%| O|  |TAMS 0x00000000c0400000, 0x00000000c0300000| Untracked 
|   4|0x00000000c0400000, 0x00000000c0500000, 0x00000000c0500000|100%| O|  |TAMS 0x00000000c0500000, 0x00000000c0400000| Untracked 
|   5|0x00000000c0500000, 0x00000000c0600000, 0x00000000c0600000|100%| O|  |TAMS 0x00000000c0600000, 0x00000000c0500000| Untracked 
|   6|0x00000000c0600000, 0x00000000c0700000, 0x00000000c0700000|100%| O|  |TAMS 0x00000000c0700000, 0x00000000c0600000| Untracked 
|   7|0x00000000c0700000, 0x00000000c0800000, 0x00000000c0800000|100%| O|  |TAMS 0x00000000c0700000, 0x00000000c0700000| Untracked 
|   8|0x00000000c0800000, 0x00000000c0900000, 0x00000000c0900000|100%| O|  |TAMS 0x00000000c0900000, 0x00000000c0800000| Untracked 
|   9|0x00000000c0900000, 0x00000000c0a00000, 0x00000000c0a00000|100%| O|  |TAMS 0x00000000c0a00000, 0x00000000c0900000| Untracked 
|  10|0x00000000c0a00000, 0x00000000c0b00000, 0x00000000c0b00000|100%| O|  |TAMS 0x00000000c0b00000, 0x00000000c0a00000| Untracked 
|  11|0x00000000c0b00000, 0x00000000c0c00000, 0x00000000c0c00000|100%| O|  |TAMS 0x00000000c0c00000, 0x00000000c0b00000| Untracked 
|  12|0x00000000c0c00000, 0x00000000c0d00000, 0x00000000c0d00000|100%| O|  |TAMS 0x00000000c0d00000, 0x00000000c0c00000| Untracked 
|  13|0x00000000c0d00000, 0x00000000c0e00000, 0x00000000c0e00000|100%| O|  |TAMS 0x00000000c0e00000, 0x00000000c0d00000| Untracked 
|  14|0x00000000c0e00000, 0x00000000c0f00000, 0x00000000c0f00000|100%| O|  |TAMS 0x00000000c0f00000, 0x00000000c0e00000| Untracked 
|  15|0x00000000c0f00000, 0x00000000c1000000, 0x00000000c1000000|100%| O|  |TAMS 0x00000000c1000000, 0x00000000c0f00000| Untracked 
|  16|0x00000000c1000000, 0x00000000c1100000, 0x00000000c1100000|100%| O|  |TAMS 0x00000000c1100000, 0x00000000c1000000| Untracked 
|  17|0x00000000c1100000, 0x00000000c1200000, 0x00000000c1200000|100%| O|  |TAMS 0x00000000c1200000, 0x00000000c1100000| Untracked 
|  18|0x00000000c1200000, 0x00000000c1300000, 0x00000000c1300000|100%| O|  |TAMS 0x00000000c1300000, 0x00000000c1200000| Untracked 
|  19|0x00000000c1300000, 0x00000000c1400000, 0x00000000c1400000|100%| O|  |TAMS 0x00000000c1400000, 0x00000000c1300000| Untracked 
|  20|0x00000000c1400000, 0x00000000c1500000, 0x00000000c1500000|100%| O|  |TAMS 0x00000000c1500000, 0x00000000c1400000| Untracked 
|  21|0x00000000c1500000, 0x00000000c1600000, 0x00000000c1600000|100%| O|  |TAMS 0x00000000c1600000, 0x00000000c1500000| Untracked 
|  22|0x00000000c1600000, 0x00000000c1700000, 0x00000000c1700000|100%| O|  |TAMS 0x00000000c1700000, 0x00000000c1600000| Untracked 
|  23|0x00000000c1700000, 0x00000000c1800000, 0x00000000c1800000|100%| O|  |TAMS 0x00000000c1800000, 0x00000000c1700000| Untracked 
|  24|0x00000000c1800000, 0x00000000c1900000, 0x00000000c1900000|100%| O|  |TAMS 0x00000000c1900000, 0x00000000c1800000| Untracked 
|  25|0x00000000c1900000, 0x00000000c1a00000, 0x00000000c1a00000|100%| O|  |TAMS 0x00000000c1a00000, 0x00000000c1900000| Untracked 
|  26|0x00000000c1a00000, 0x00000000c1b00000, 0x00000000c1b00000|100%| O|  |TAMS 0x00000000c1b00000, 0x00000000c1a00000| Untracked 
|  27|0x00000000c1b00000, 0x00000000c1c00000, 0x00000000c1c00000|100%| O|  |TAMS 0x00000000c1c00000, 0x00000000c1b00000| Untracked 
|  28|0x00000000c1c00000, 0x00000000c1d00000, 0x00000000c1d00000|100%| O|  |TAMS 0x00000000c1d00000, 0x00000000c1c00000| Untracked 
|  29|0x00000000c1d00000, 0x00000000c1e00000, 0x00000000c1e00000|100%| O|  |TAMS 0x00000000c1e00000, 0x00000000c1d00000| Untracked 
|  30|0x00000000c1e00000, 0x00000000c1f00000, 0x00000000c1f00000|100%| O|  |TAMS 0x00000000c1f00000, 0x00000000c1e00000| Untracked 
|  31|0x00000000c1f00000, 0x00000000c2000000, 0x00000000c2000000|100%| O|  |TAMS 0x00000000c2000000, 0x00000000c1f00000| Untracked 
|  32|0x00000000c2000000, 0x00000000c2100000, 0x00000000c2100000|100%| O|  |TAMS 0x00000000c2100000, 0x00000000c2000000| Untracked 
|  33|0x00000000c2100000, 0x00000000c2200000, 0x00000000c2200000|100%| O|  |TAMS 0x00000000c2200000, 0x00000000c2100000| Untracked 
|  34|0x00000000c2200000, 0x00000000c2300000, 0x00000000c2300000|100%| O|  |TAMS 0x00000000c2300000, 0x00000000c2200000| Untracked 
|  35|0x00000000c2300000, 0x00000000c2400000, 0x00000000c2400000|100%| O|  |TAMS 0x00000000c2400000, 0x00000000c2300000| Untracked 
|  36|0x00000000c2400000, 0x00000000c2500000, 0x00000000c2500000|100%| O|  |TAMS 0x00000000c2500000, 0x00000000c2400000| Untracked 
|  37|0x00000000c2500000, 0x00000000c2600000, 0x00000000c2600000|100%| O|  |TAMS 0x00000000c2600000, 0x00000000c2500000| Untracked 
|  38|0x00000000c2600000, 0x00000000c2700000, 0x00000000c2700000|100%| O|  |TAMS 0x00000000c2700000, 0x00000000c2600000| Untracked 
|  39|0x00000000c2700000, 0x00000000c2800000, 0x00000000c2800000|100%| O|  |TAMS 0x00000000c2800000, 0x00000000c2700000| Untracked 
|  40|0x00000000c2800000, 0x00000000c2900000, 0x00000000c2900000|100%| O|  |TAMS 0x00000000c2900000, 0x00000000c2800000| Untracked 
|  41|0x00000000c2900000, 0x00000000c2a00000, 0x00000000c2a00000|100%| O|  |TAMS 0x00000000c2a00000, 0x00000000c2900000| Untracked 
|  42|0x00000000c2a00000, 0x00000000c2b00000, 0x00000000c2b00000|100%| O|  |TAMS 0x00000000c2b00000, 0x00000000c2a00000| Untracked 
|  43|0x00000000c2b00000, 0x00000000c2c00000, 0x00000000c2c00000|100%| O|  |TAMS 0x00000000c2c00000, 0x00000000c2b00000| Untracked 
|  44|0x00000000c2c00000, 0x00000000c2d00000, 0x00000000c2d00000|100%| O|  |TAMS 0x00000000c2d00000, 0x00000000c2c00000| Untracked 
|  45|0x00000000c2d00000, 0x00000000c2e00000, 0x00000000c2e00000|100%| O|  |TAMS 0x00000000c2e00000, 0x00000000c2d00000| Untracked 
|  46|0x00000000c2e00000, 0x00000000c2f00000, 0x00000000c2f00000|100%| O|  |TAMS 0x00000000c2f00000, 0x00000000c2e00000| Untracked 
|  47|0x00000000c2f00000, 0x00000000c3000000, 0x00000000c3000000|100%| O|  |TAMS 0x00000000c3000000, 0x00000000c2f00000| Untracked 
|  48|0x00000000c3000000, 0x00000000c3100000, 0x00000000c3100000|100%| O|  |TAMS 0x00000000c3100000, 0x00000000c3000000| Untracked 
|  49|0x00000000c3100000, 0x00000000c3200000, 0x00000000c3200000|100%| O|  |TAMS 0x00000000c3200000, 0x00000000c3100000| Untracked 
|  50|0x00000000c3200000, 0x00000000c3300000, 0x00000000c3300000|100%| O|  |TAMS 0x00000000c3200000, 0x00000000c3200000| Untracked 
|  51|0x00000000c3300000, 0x00000000c3400000, 0x00000000c3400000|100%|HS|  |TAMS 0x00000000c3400000, 0x00000000c3300000| Complete 
|  52|0x00000000c3400000, 0x00000000c3500000, 0x00000000c3500000|100%|HS|  |TAMS 0x00000000c3500000, 0x00000000c3400000| Complete 
|  53|0x00000000c3500000, 0x00000000c3600000, 0x00000000c3600000|100%| O|  |TAMS 0x00000000c3600000, 0x00000000c3500000| Untracked 
|  54|0x00000000c3600000, 0x00000000c3700000, 0x00000000c3700000|100%| O|  |TAMS 0x00000000c3700000, 0x00000000c3600000| Untracked 
|  55|0x00000000c3700000, 0x00000000c3800000, 0x00000000c3800000|100%| O|  |TAMS 0x00000000c3800000, 0x00000000c3700000| Untracked 
|  56|0x00000000c3800000, 0x00000000c3900000, 0x00000000c3900000|100%| O|  |TAMS 0x00000000c3900000, 0x00000000c3800000| Untracked 
|  57|0x00000000c3900000, 0x00000000c3a00000, 0x00000000c3a00000|100%| O|  |TAMS 0x00000000c3a00000, 0x00000000c3900000| Untracked 
|  58|0x00000000c3a00000, 0x00000000c3b00000, 0x00000000c3b00000|100%| O|  |TAMS 0x00000000c3b00000, 0x00000000c3a00000| Untracked 
|  59|0x00000000c3b00000, 0x00000000c3c00000, 0x00000000c3c00000|100%| O|  |TAMS 0x00000000c3c00000, 0x00000000c3b00000| Untracked 
|  60|0x00000000c3c00000, 0x00000000c3d00000, 0x00000000c3d00000|100%| O|  |TAMS 0x00000000c3d00000, 0x00000000c3c00000| Untracked 
|  61|0x00000000c3d00000, 0x00000000c3e00000, 0x00000000c3e00000|100%| O|  |TAMS 0x00000000c3d00000, 0x00000000c3d00000| Untracked 
|  62|0x00000000c3e00000, 0x00000000c3f00000, 0x00000000c3f00000|100%| O|  |TAMS 0x00000000c3e00000, 0x00000000c3e00000| Untracked 
|  63|0x00000000c3f00000, 0x00000000c4000000, 0x00000000c4000000|100%| O|  |TAMS 0x00000000c4000000, 0x00000000c3f00000| Untracked 
|  64|0x00000000c4000000, 0x00000000c4100000, 0x00000000c4100000|100%| O|  |TAMS 0x00000000c4100000, 0x00000000c4000000| Untracked 
|  65|0x00000000c4100000, 0x00000000c4200000, 0x00000000c4200000|100%| O|  |TAMS 0x00000000c4200000, 0x00000000c4100000| Untracked 
|  66|0x00000000c4200000, 0x00000000c4300000, 0x00000000c4300000|100%| O|  |TAMS 0x00000000c4300000, 0x00000000c4200000| Untracked 
|  67|0x00000000c4300000, 0x00000000c4400000, 0x00000000c4400000|100%| O|  |TAMS 0x00000000c4400000, 0x00000000c4300000| Untracked 
|  68|0x00000000c4400000, 0x00000000c4500000, 0x00000000c4500000|100%| O|  |TAMS 0x00000000c4500000, 0x00000000c4400000| Untracked 
|  69|0x00000000c4500000, 0x00000000c4600000, 0x00000000c4600000|100%| O|  |TAMS 0x00000000c4600000, 0x00000000c4500000| Untracked 
|  70|0x00000000c4600000, 0x00000000c4700000, 0x00000000c4700000|100%| O|  |TAMS 0x00000000c4600000, 0x00000000c4600000| Untracked 
|  71|0x00000000c4700000, 0x00000000c4800000, 0x00000000c4800000|100%| O|  |TAMS 0x00000000c4700000, 0x00000000c4700000| Untracked 
|  72|0x00000000c4800000, 0x00000000c4900000, 0x00000000c4900000|100%| O|  |TAMS 0x00000000c4800000, 0x00000000c4800000| Untracked 
|  73|0x00000000c4900000, 0x00000000c4a00000, 0x00000000c4a00000|100%| O|  |TAMS 0x00000000c4900000, 0x00000000c4900000| Untracked 
|  74|0x00000000c4a00000, 0x00000000c4b00000, 0x00000000c4b00000|100%| O|  |TAMS 0x00000000c4a00000, 0x00000000c4a00000| Untracked 
|  75|0x00000000c4b00000, 0x00000000c4c00000, 0x00000000c4c00000|100%| O|  |TAMS 0x00000000c4b00000, 0x00000000c4b00000| Untracked 
|  76|0x00000000c4c00000, 0x00000000c4d00000, 0x00000000c4d00000|100%| O|  |TAMS 0x00000000c4c00000, 0x00000000c4c00000| Untracked 
|  77|0x00000000c4d00000, 0x00000000c4e00000, 0x00000000c4e00000|100%| O|  |TAMS 0x00000000c4d00000, 0x00000000c4d00000| Untracked 
|  78|0x00000000c4e00000, 0x00000000c4f00000, 0x00000000c4f00000|100%| O|  |TAMS 0x00000000c4e00000, 0x00000000c4e00000| Untracked 
|  79|0x00000000c4f00000, 0x00000000c5000000, 0x00000000c5000000|100%| O|  |TAMS 0x00000000c4f00000, 0x00000000c4f00000| Untracked 
|  80|0x00000000c5000000, 0x00000000c5100000, 0x00000000c5100000|100%| O|  |TAMS 0x00000000c5000000, 0x00000000c5000000| Untracked 
|  81|0x00000000c5100000, 0x00000000c5200000, 0x00000000c5200000|100%| O|  |TAMS 0x00000000c5100000, 0x00000000c5100000| Untracked 
|  82|0x00000000c5200000, 0x00000000c5300000, 0x00000000c5300000|100%| O|  |TAMS 0x00000000c5200000, 0x00000000c5200000| Untracked 
|  83|0x00000000c5300000, 0x00000000c5400000, 0x00000000c5400000|100%| O|  |TAMS 0x00000000c5300000, 0x00000000c5300000| Untracked 
|  84|0x00000000c5400000, 0x00000000c5500000, 0x00000000c5500000|100%| O|  |TAMS 0x00000000c5400000, 0x00000000c5400000| Untracked 
|  85|0x00000000c5500000, 0x00000000c5600000, 0x00000000c5600000|100%| O|  |TAMS 0x00000000c5500000, 0x00000000c5500000| Untracked 
|  86|0x00000000c5600000, 0x00000000c5700000, 0x00000000c5700000|100%| O|  |TAMS 0x00000000c5600000, 0x00000000c5600000| Untracked 
|  87|0x00000000c5700000, 0x00000000c5800000, 0x00000000c5800000|100%| O|  |TAMS 0x00000000c5700000, 0x00000000c5700000| Untracked 
|  88|0x00000000c5800000, 0x00000000c5900000, 0x00000000c5900000|100%| O|  |TAMS 0x00000000c5800000, 0x00000000c5800000| Untracked 
|  89|0x00000000c5900000, 0x00000000c5a00000, 0x00000000c5a00000|100%| O|  |TAMS 0x00000000c5900000, 0x00000000c5900000| Untracked 
|  90|0x00000000c5a00000, 0x00000000c5b00000, 0x00000000c5b00000|100%| O|  |TAMS 0x00000000c5a00000, 0x00000000c5a00000| Untracked 
|  91|0x00000000c5b00000, 0x00000000c5c00000, 0x00000000c5c00000|100%| O|  |TAMS 0x00000000c5b00000, 0x00000000c5b00000| Untracked 
|  92|0x00000000c5c00000, 0x00000000c5d00000, 0x00000000c5d00000|100%| O|  |TAMS 0x00000000c5c00000, 0x00000000c5c00000| Untracked 
|  93|0x00000000c5d00000, 0x00000000c5e00000, 0x00000000c5e00000|100%| O|  |TAMS 0x00000000c5d00000, 0x00000000c5d00000| Untracked 
|  94|0x00000000c5e00000, 0x00000000c5f00000, 0x00000000c5f00000|100%| O|  |TAMS 0x00000000c5e00000, 0x00000000c5e00000| Untracked 
|  95|0x00000000c5f00000, 0x00000000c6000000, 0x00000000c6000000|100%| O|  |TAMS 0x00000000c5f00000, 0x00000000c5f00000| Untracked 
|  96|0x00000000c6000000, 0x00000000c6100000, 0x00000000c6100000|100%| O|  |TAMS 0x00000000c6000000, 0x00000000c6000000| Untracked 
|  97|0x00000000c6100000, 0x00000000c6200000, 0x00000000c6200000|100%| O|  |TAMS 0x00000000c6100000, 0x00000000c6100000| Untracked 
|  98|0x00000000c6200000, 0x00000000c6300000, 0x00000000c6300000|100%| O|  |TAMS 0x00000000c6200000, 0x00000000c6200000| Untracked 
|  99|0x00000000c6300000, 0x00000000c6400000, 0x00000000c6400000|100%| O|  |TAMS 0x00000000c6300000, 0x00000000c6300000| Untracked 
| 100|0x00000000c6400000, 0x00000000c6500000, 0x00000000c6500000|100%| O|  |TAMS 0x00000000c6400000, 0x00000000c6400000| Untracked 
| 101|0x00000000c6500000, 0x00000000c6600000, 0x00000000c6600000|100%| O|  |TAMS 0x00000000c6500000, 0x00000000c6500000| Untracked 
| 102|0x00000000c6600000, 0x00000000c6700000, 0x00000000c6700000|100%| O|  |TAMS 0x00000000c6600000, 0x00000000c6600000| Untracked 
| 103|0x00000000c6700000, 0x00000000c6800000, 0x00000000c6800000|100%| O|  |TAMS 0x00000000c6700000, 0x00000000c6700000| Untracked 
| 104|0x00000000c6800000, 0x00000000c6900000, 0x00000000c6900000|100%| O|  |TAMS 0x00000000c6800000, 0x00000000c6800000| Untracked 
| 105|0x00000000c6900000, 0x00000000c6a00000, 0x00000000c6a00000|100%| O|  |TAMS 0x00000000c6900000, 0x00000000c6900000| Untracked 
| 106|0x00000000c6a00000, 0x00000000c6b00000, 0x00000000c6b00000|100%| O|  |TAMS 0x00000000c6a00000, 0x00000000c6a00000| Untracked 
| 107|0x00000000c6b00000, 0x00000000c6c00000, 0x00000000c6c00000|100%| O|  |TAMS 0x00000000c6b00000, 0x00000000c6b00000| Untracked 
| 108|0x00000000c6c00000, 0x00000000c6cecf90, 0x00000000c6d00000| 92%| O|  |TAMS 0x00000000c6c00000, 0x00000000c6c00000| Untracked 
| 109|0x00000000c6d00000, 0x00000000c6d00000, 0x00000000c6e00000|  0%| F|  |TAMS 0x00000000c6d00000, 0x00000000c6d00000| Untracked 
| 110|0x00000000c6e00000, 0x00000000c6e00000, 0x00000000c6f00000|  0%| F|  |TAMS 0x00000000c6e00000, 0x00000000c6e00000| Untracked 
| 111|0x00000000c6f00000, 0x00000000c6f00000, 0x00000000c7000000|  0%| F|  |TAMS 0x00000000c6f00000, 0x00000000c6f00000| Untracked 
| 112|0x00000000c7000000, 0x00000000c7000000, 0x00000000c7100000|  0%| F|  |TAMS 0x00000000c7000000, 0x00000000c7000000| Untracked 
| 113|0x00000000c7100000, 0x00000000c7100000, 0x00000000c7200000|  0%| F|  |TAMS 0x00000000c7100000, 0x00000000c7100000| Untracked 
| 114|0x00000000c7200000, 0x00000000c7200000, 0x00000000c7300000|  0%| F|  |TAMS 0x00000000c7200000, 0x00000000c7200000| Untracked 
| 115|0x00000000c7300000, 0x00000000c7300000, 0x00000000c7400000|  0%| F|  |TAMS 0x00000000c7300000, 0x00000000c7300000| Untracked 
| 116|0x00000000c7400000, 0x00000000c7400000, 0x00000000c7500000|  0%| F|  |TAMS 0x00000000c7400000, 0x00000000c7400000| Untracked 
| 117|0x00000000c7500000, 0x00000000c7500000, 0x00000000c7600000|  0%| F|  |TAMS 0x00000000c7500000, 0x00000000c7500000| Untracked 
| 118|0x00000000c7600000, 0x00000000c7600000, 0x00000000c7700000|  0%| F|  |TAMS 0x00000000c7600000, 0x00000000c7600000| Untracked 
| 119|0x00000000c7700000, 0x00000000c7700000, 0x00000000c7800000|  0%| F|  |TAMS 0x00000000c7700000, 0x00000000c7700000| Untracked 
| 120|0x00000000c7800000, 0x00000000c7800000, 0x00000000c7900000|  0%| F|  |TAMS 0x00000000c7800000, 0x00000000c7800000| Untracked 
| 121|0x00000000c7900000, 0x00000000c7900000, 0x00000000c7a00000|  0%| F|  |TAMS 0x00000000c7900000, 0x00000000c7900000| Untracked 
| 122|0x00000000c7a00000, 0x00000000c7a00000, 0x00000000c7b00000|  0%| F|  |TAMS 0x00000000c7a00000, 0x00000000c7a00000| Untracked 
| 123|0x00000000c7b00000, 0x00000000c7b00000, 0x00000000c7c00000|  0%| F|  |TAMS 0x00000000c7b00000, 0x00000000c7b00000| Untracked 
| 124|0x00000000c7c00000, 0x00000000c7c00000, 0x00000000c7d00000|  0%| F|  |TAMS 0x00000000c7c00000, 0x00000000c7c00000| Untracked 
| 125|0x00000000c7d00000, 0x00000000c7d00000, 0x00000000c7e00000|  0%| F|  |TAMS 0x00000000c7d00000, 0x00000000c7d00000| Untracked 
| 126|0x00000000c7e00000, 0x00000000c7e00000, 0x00000000c7f00000|  0%| F|  |TAMS 0x00000000c7e00000, 0x00000000c7e00000| Untracked 
| 127|0x00000000c7f00000, 0x00000000c7f00000, 0x00000000c8000000|  0%| F|  |TAMS 0x00000000c7f00000, 0x00000000c7f00000| Untracked 
| 128|0x00000000c8000000, 0x00000000c8000000, 0x00000000c8100000|  0%| F|  |TAMS 0x00000000c8000000, 0x00000000c8000000| Untracked 
| 129|0x00000000c8100000, 0x00000000c8100000, 0x00000000c8200000|  0%| F|  |TAMS 0x00000000c8100000, 0x00000000c8100000| Untracked 
| 130|0x00000000c8200000, 0x00000000c8200000, 0x00000000c8300000|  0%| F|  |TAMS 0x00000000c8200000, 0x00000000c8200000| Untracked 
| 131|0x00000000c8300000, 0x00000000c8300000, 0x00000000c8400000|  0%| F|  |TAMS 0x00000000c8300000, 0x00000000c8300000| Untracked 
| 132|0x00000000c8400000, 0x00000000c8400000, 0x00000000c8500000|  0%| F|  |TAMS 0x00000000c8400000, 0x00000000c8400000| Untracked 
| 133|0x00000000c8500000, 0x00000000c8500000, 0x00000000c8600000|  0%| F|  |TAMS 0x00000000c8500000, 0x00000000c8500000| Untracked 
| 134|0x00000000c8600000, 0x00000000c86e5920, 0x00000000c8700000| 89%| S|  |TAMS 0x00000000c8600000, 0x00000000c8600000| Complete 
| 135|0x00000000c8700000, 0x00000000c87db730, 0x00000000c8800000| 85%| E|CS|TAMS 0x00000000c8700000, 0x00000000c8700000| Complete 
| 136|0x00000000c8800000, 0x00000000c8900000, 0x00000000c8900000|100%| E|CS|TAMS 0x00000000c8800000, 0x00000000c8800000| Complete 
| 137|0x00000000c8900000, 0x00000000c8a00000, 0x00000000c8a00000|100%| S|  |TAMS 0x00000000c8900000, 0x00000000c8900000| Complete 
| 138|0x00000000c8a00000, 0x00000000c8b00000, 0x00000000c8b00000|100%| E|CS|TAMS 0x00000000c8a00000, 0x00000000c8a00000| Complete 
| 139|0x00000000c8b00000, 0x00000000c8c00000, 0x00000000c8c00000|100%| E|CS|TAMS 0x00000000c8b00000, 0x00000000c8b00000| Complete 
| 140|0x00000000c8c00000, 0x00000000c8d00000, 0x00000000c8d00000|100%| S|  |TAMS 0x00000000c8c00000, 0x00000000c8c00000| Complete 
| 141|0x00000000c8d00000, 0x00000000c8e00000, 0x00000000c8e00000|100%| S|  |TAMS 0x00000000c8d00000, 0x00000000c8d00000| Complete 
| 142|0x00000000c8e00000, 0x00000000c8f00000, 0x00000000c8f00000|100%| S|  |TAMS 0x00000000c8e00000, 0x00000000c8e00000| Complete 
| 143|0x00000000c8f00000, 0x00000000c9000000, 0x00000000c9000000|100%| E|CS|TAMS 0x00000000c8f00000, 0x00000000c8f00000| Complete 
| 144|0x00000000c9000000, 0x00000000c9100000, 0x00000000c9100000|100%| E|CS|TAMS 0x00000000c9000000, 0x00000000c9000000| Complete 
| 145|0x00000000c9100000, 0x00000000c9200000, 0x00000000c9200000|100%| E|CS|TAMS 0x00000000c9100000, 0x00000000c9100000| Complete 
| 146|0x00000000c9200000, 0x00000000c9300000, 0x00000000c9300000|100%| E|CS|TAMS 0x00000000c9200000, 0x00000000c9200000| Complete 
| 147|0x00000000c9300000, 0x00000000c9400000, 0x00000000c9400000|100%| E|CS|TAMS 0x00000000c9300000, 0x00000000c9300000| Complete 
| 148|0x00000000c9400000, 0x00000000c9500000, 0x00000000c9500000|100%| E|CS|TAMS 0x00000000c9400000, 0x00000000c9400000| Complete 
| 149|0x00000000c9500000, 0x00000000c9600000, 0x00000000c9600000|100%| S|  |TAMS 0x00000000c9500000, 0x00000000c9500000| Complete 
| 150|0x00000000c9600000, 0x00000000c9700000, 0x00000000c9700000|100%| S|  |TAMS 0x00000000c9600000, 0x00000000c9600000| Complete 
| 151|0x00000000c9700000, 0x00000000c9800000, 0x00000000c9800000|100%| S|  |TAMS 0x00000000c9700000, 0x00000000c9700000| Complete 
| 152|0x00000000c9800000, 0x00000000c9900000, 0x00000000c9900000|100%| E|CS|TAMS 0x00000000c9800000, 0x00000000c9800000| Complete 
| 153|0x00000000c9900000, 0x00000000c9a00000, 0x00000000c9a00000|100%| E|CS|TAMS 0x00000000c9900000, 0x00000000c9900000| Complete 
| 154|0x00000000c9a00000, 0x00000000c9b00000, 0x00000000c9b00000|100%| E|CS|TAMS 0x00000000c9a00000, 0x00000000c9a00000| Complete 
| 155|0x00000000c9b00000, 0x00000000c9c00000, 0x00000000c9c00000|100%| E|CS|TAMS 0x00000000c9b00000, 0x00000000c9b00000| Complete 
| 156|0x00000000c9c00000, 0x00000000c9d00000, 0x00000000c9d00000|100%| E|CS|TAMS 0x00000000c9c00000, 0x00000000c9c00000| Complete 
| 157|0x00000000c9d00000, 0x00000000c9e00000, 0x00000000c9e00000|100%| E|CS|TAMS 0x00000000c9d00000, 0x00000000c9d00000| Complete 
| 158|0x00000000c9e00000, 0x00000000c9f00000, 0x00000000c9f00000|100%| E|CS|TAMS 0x00000000c9e00000, 0x00000000c9e00000| Complete 
| 159|0x00000000c9f00000, 0x00000000ca000000, 0x00000000ca000000|100%| E|CS|TAMS 0x00000000c9f00000, 0x00000000c9f00000| Complete 
| 160|0x00000000ca000000, 0x00000000ca100000, 0x00000000ca100000|100%| E|CS|TAMS 0x00000000ca000000, 0x00000000ca000000| Complete 
| 161|0x00000000ca100000, 0x00000000ca200000, 0x00000000ca200000|100%| E|CS|TAMS 0x00000000ca100000, 0x00000000ca100000| Complete 
| 162|0x00000000ca200000, 0x00000000ca300000, 0x00000000ca300000|100%| E|CS|TAMS 0x00000000ca200000, 0x00000000ca200000| Complete 
| 163|0x00000000ca300000, 0x00000000ca400000, 0x00000000ca400000|100%| E|CS|TAMS 0x00000000ca300000, 0x00000000ca300000| Complete 
| 164|0x00000000ca400000, 0x00000000ca500000, 0x00000000ca500000|100%| E|CS|TAMS 0x00000000ca400000, 0x00000000ca400000| Complete 
| 165|0x00000000ca500000, 0x00000000ca600000, 0x00000000ca600000|100%| E|CS|TAMS 0x00000000ca500000, 0x00000000ca500000| Complete 
| 166|0x00000000ca600000, 0x00000000ca700000, 0x00000000ca700000|100%| E|CS|TAMS 0x00000000ca600000, 0x00000000ca600000| Complete 
| 167|0x00000000ca700000, 0x00000000ca800000, 0x00000000ca800000|100%| E|CS|TAMS 0x00000000ca700000, 0x00000000ca700000| Complete 
| 168|0x00000000ca800000, 0x00000000ca900000, 0x00000000ca900000|100%| E|CS|TAMS 0x00000000ca800000, 0x00000000ca800000| Complete 
| 169|0x00000000ca900000, 0x00000000caa00000, 0x00000000caa00000|100%| E|CS|TAMS 0x00000000ca900000, 0x00000000ca900000| Complete 
| 170|0x00000000caa00000, 0x00000000cab00000, 0x00000000cab00000|100%| E|CS|TAMS 0x00000000caa00000, 0x00000000caa00000| Complete 
| 171|0x00000000cab00000, 0x00000000cac00000, 0x00000000cac00000|100%| E|CS|TAMS 0x00000000cab00000, 0x00000000cab00000| Complete 
| 172|0x00000000cac00000, 0x00000000cad00000, 0x00000000cad00000|100%| E|CS|TAMS 0x00000000cac00000, 0x00000000cac00000| Complete 
| 173|0x00000000cad00000, 0x00000000cae00000, 0x00000000cae00000|100%| E|CS|TAMS 0x00000000cad00000, 0x00000000cad00000| Complete 
| 174|0x00000000cae00000, 0x00000000caf00000, 0x00000000caf00000|100%| E|CS|TAMS 0x00000000cae00000, 0x00000000cae00000| Complete 
| 175|0x00000000caf00000, 0x00000000cb000000, 0x00000000cb000000|100%| E|CS|TAMS 0x00000000caf00000, 0x00000000caf00000| Complete 
| 176|0x00000000cb000000, 0x00000000cb100000, 0x00000000cb100000|100%| E|CS|TAMS 0x00000000cb000000, 0x00000000cb000000| Complete 
| 177|0x00000000cb100000, 0x00000000cb200000, 0x00000000cb200000|100%| E|CS|TAMS 0x00000000cb100000, 0x00000000cb100000| Complete 
| 178|0x00000000cb200000, 0x00000000cb300000, 0x00000000cb300000|100%| E|CS|TAMS 0x00000000cb200000, 0x00000000cb200000| Complete 
| 179|0x00000000cb300000, 0x00000000cb400000, 0x00000000cb400000|100%| E|CS|TAMS 0x00000000cb300000, 0x00000000cb300000| Complete 
| 180|0x00000000cb400000, 0x00000000cb500000, 0x00000000cb500000|100%| E|CS|TAMS 0x00000000cb400000, 0x00000000cb400000| Complete 
| 181|0x00000000cb500000, 0x00000000cb600000, 0x00000000cb600000|100%| E|CS|TAMS 0x00000000cb500000, 0x00000000cb500000| Complete 
| 182|0x00000000cb600000, 0x00000000cb700000, 0x00000000cb700000|100%| E|CS|TAMS 0x00000000cb600000, 0x00000000cb600000| Complete 
| 183|0x00000000cb700000, 0x00000000cb800000, 0x00000000cb800000|100%| E|CS|TAMS 0x00000000cb700000, 0x00000000cb700000| Complete 
| 184|0x00000000cb800000, 0x00000000cb900000, 0x00000000cb900000|100%| E|CS|TAMS 0x00000000cb800000, 0x00000000cb800000| Complete 
| 185|0x00000000cb900000, 0x00000000cba00000, 0x00000000cba00000|100%| E|CS|TAMS 0x00000000cb900000, 0x00000000cb900000| Complete 
| 186|0x00000000cba00000, 0x00000000cbb00000, 0x00000000cbb00000|100%| E|CS|TAMS 0x00000000cba00000, 0x00000000cba00000| Complete 
| 187|0x00000000cbb00000, 0x00000000cbc00000, 0x00000000cbc00000|100%| E|CS|TAMS 0x00000000cbb00000, 0x00000000cbb00000| Complete 
| 188|0x00000000cbc00000, 0x00000000cbd00000, 0x00000000cbd00000|100%| E|CS|TAMS 0x00000000cbc00000, 0x00000000cbc00000| Complete 
| 189|0x00000000cbd00000, 0x00000000cbe00000, 0x00000000cbe00000|100%| E|CS|TAMS 0x00000000cbd00000, 0x00000000cbd00000| Complete 
| 190|0x00000000cbe00000, 0x00000000cbf00000, 0x00000000cbf00000|100%| E|CS|TAMS 0x00000000cbe00000, 0x00000000cbe00000| Complete 
| 191|0x00000000cbf00000, 0x00000000cc000000, 0x00000000cc000000|100%| E|CS|TAMS 0x00000000cbf00000, 0x00000000cbf00000| Complete 
| 192|0x00000000cc000000, 0x00000000cc100000, 0x00000000cc100000|100%| E|CS|TAMS 0x00000000cc000000, 0x00000000cc000000| Complete 
| 193|0x00000000cc100000, 0x00000000cc200000, 0x00000000cc200000|100%| E|CS|TAMS 0x00000000cc100000, 0x00000000cc100000| Complete 
| 194|0x00000000cc200000, 0x00000000cc300000, 0x00000000cc300000|100%| E|CS|TAMS 0x00000000cc200000, 0x00000000cc200000| Complete 
| 195|0x00000000cc300000, 0x00000000cc400000, 0x00000000cc400000|100%| E|CS|TAMS 0x00000000cc300000, 0x00000000cc300000| Complete 
| 196|0x00000000cc400000, 0x00000000cc500000, 0x00000000cc500000|100%| E|CS|TAMS 0x00000000cc400000, 0x00000000cc400000| Complete 
| 197|0x00000000cc500000, 0x00000000cc600000, 0x00000000cc600000|100%| E|CS|TAMS 0x00000000cc500000, 0x00000000cc500000| Complete 
| 198|0x00000000cc600000, 0x00000000cc700000, 0x00000000cc700000|100%| E|CS|TAMS 0x00000000cc600000, 0x00000000cc600000| Complete 
| 199|0x00000000cc700000, 0x00000000cc800000, 0x00000000cc800000|100%| E|CS|TAMS 0x00000000cc700000, 0x00000000cc700000| Complete 
| 200|0x00000000cc800000, 0x00000000cc900000, 0x00000000cc900000|100%| E|CS|TAMS 0x00000000cc800000, 0x00000000cc800000| Complete 
| 201|0x00000000cc900000, 0x00000000cca00000, 0x00000000cca00000|100%| E|CS|TAMS 0x00000000cc900000, 0x00000000cc900000| Complete 
| 202|0x00000000cca00000, 0x00000000ccb00000, 0x00000000ccb00000|100%| E|CS|TAMS 0x00000000cca00000, 0x00000000cca00000| Complete 
| 203|0x00000000ccb00000, 0x00000000ccc00000, 0x00000000ccc00000|100%| E|CS|TAMS 0x00000000ccb00000, 0x00000000ccb00000| Complete 
| 204|0x00000000ccc00000, 0x00000000ccd00000, 0x00000000ccd00000|100%| E|CS|TAMS 0x00000000ccc00000, 0x00000000ccc00000| Complete 
| 205|0x00000000ccd00000, 0x00000000cce00000, 0x00000000cce00000|100%| E|CS|TAMS 0x00000000ccd00000, 0x00000000ccd00000| Complete 
| 206|0x00000000cce00000, 0x00000000ccf00000, 0x00000000ccf00000|100%| E|CS|TAMS 0x00000000cce00000, 0x00000000cce00000| Complete 
| 207|0x00000000ccf00000, 0x00000000cd000000, 0x00000000cd000000|100%| E|CS|TAMS 0x00000000ccf00000, 0x00000000ccf00000| Complete 
| 208|0x00000000cd000000, 0x00000000cd100000, 0x00000000cd100000|100%| E|CS|TAMS 0x00000000cd000000, 0x00000000cd000000| Complete 
| 209|0x00000000cd100000, 0x00000000cd200000, 0x00000000cd200000|100%| E|CS|TAMS 0x00000000cd100000, 0x00000000cd100000| Complete 
| 210|0x00000000cd200000, 0x00000000cd300000, 0x00000000cd300000|100%| E|CS|TAMS 0x00000000cd200000, 0x00000000cd200000| Complete 
| 211|0x00000000cd300000, 0x00000000cd400000, 0x00000000cd400000|100%| E|CS|TAMS 0x00000000cd300000, 0x00000000cd300000| Complete 
| 212|0x00000000cd400000, 0x00000000cd500000, 0x00000000cd500000|100%| E|CS|TAMS 0x00000000cd400000, 0x00000000cd400000| Complete 
| 213|0x00000000cd500000, 0x00000000cd600000, 0x00000000cd600000|100%| E|CS|TAMS 0x00000000cd500000, 0x00000000cd500000| Complete 
| 214|0x00000000cd600000, 0x00000000cd700000, 0x00000000cd700000|100%| E|CS|TAMS 0x00000000cd600000, 0x00000000cd600000| Complete 
| 215|0x00000000cd700000, 0x00000000cd800000, 0x00000000cd800000|100%| E|CS|TAMS 0x00000000cd700000, 0x00000000cd700000| Complete 
| 216|0x00000000cd800000, 0x00000000cd900000, 0x00000000cd900000|100%| E|CS|TAMS 0x00000000cd800000, 0x00000000cd800000| Complete 
| 217|0x00000000cd900000, 0x00000000cda00000, 0x00000000cda00000|100%| E|CS|TAMS 0x00000000cd900000, 0x00000000cd900000| Complete 
| 218|0x00000000cda00000, 0x00000000cdb00000, 0x00000000cdb00000|100%| E|CS|TAMS 0x00000000cda00000, 0x00000000cda00000| Complete 
| 219|0x00000000cdb00000, 0x00000000cdc00000, 0x00000000cdc00000|100%| E|CS|TAMS 0x00000000cdb00000, 0x00000000cdb00000| Complete 
| 220|0x00000000cdc00000, 0x00000000cdd00000, 0x00000000cdd00000|100%| E|CS|TAMS 0x00000000cdc00000, 0x00000000cdc00000| Complete 
| 221|0x00000000cdd00000, 0x00000000cde00000, 0x00000000cde00000|100%| E|CS|TAMS 0x00000000cdd00000, 0x00000000cdd00000| Complete 
| 222|0x00000000cde00000, 0x00000000cdf00000, 0x00000000cdf00000|100%| E|CS|TAMS 0x00000000cde00000, 0x00000000cde00000| Complete 
| 223|0x00000000cdf00000, 0x00000000ce000000, 0x00000000ce000000|100%| E|CS|TAMS 0x00000000cdf00000, 0x00000000cdf00000| Complete 
| 224|0x00000000ce000000, 0x00000000ce100000, 0x00000000ce100000|100%| E|CS|TAMS 0x00000000ce000000, 0x00000000ce000000| Complete 
| 225|0x00000000ce100000, 0x00000000ce200000, 0x00000000ce200000|100%| E|CS|TAMS 0x00000000ce100000, 0x00000000ce100000| Complete 
| 226|0x00000000ce200000, 0x00000000ce300000, 0x00000000ce300000|100%| E|CS|TAMS 0x00000000ce200000, 0x00000000ce200000| Complete 
| 227|0x00000000ce300000, 0x00000000ce400000, 0x00000000ce400000|100%| E|CS|TAMS 0x00000000ce300000, 0x00000000ce300000| Complete 
| 228|0x00000000ce400000, 0x00000000ce500000, 0x00000000ce500000|100%| E|CS|TAMS 0x00000000ce400000, 0x00000000ce400000| Complete 
| 229|0x00000000ce500000, 0x00000000ce600000, 0x00000000ce600000|100%| E|CS|TAMS 0x00000000ce500000, 0x00000000ce500000| Complete 
| 230|0x00000000ce600000, 0x00000000ce700000, 0x00000000ce700000|100%| E|CS|TAMS 0x00000000ce600000, 0x00000000ce600000| Complete 
| 231|0x00000000ce700000, 0x00000000ce800000, 0x00000000ce800000|100%| E|CS|TAMS 0x00000000ce700000, 0x00000000ce700000| Complete 
| 232|0x00000000ce800000, 0x00000000ce900000, 0x00000000ce900000|100%| E|CS|TAMS 0x00000000ce800000, 0x00000000ce800000| Complete 
| 233|0x00000000ce900000, 0x00000000cea00000, 0x00000000cea00000|100%| E|CS|TAMS 0x00000000ce900000, 0x00000000ce900000| Complete 

Card table byte_map: [0x000001859dd40000,0x000001859df40000] _byte_map_base: 0x000001859d740000

Marking Bits (Prev, Next): (CMBitMap*) 0x00000185980f3bc0, (CMBitMap*) 0x00000185980f3c00
 Prev Bits: [0x000001859e140000, 0x000001859f140000)
 Next Bits: [0x000001859f140000, 0x00000185a0140000)

Polling page: 0x0000018597880000

Metaspace:

Usage:
  Non-class:     47.27 MB used.
      Class:      6.91 MB used.
       Both:     54.18 MB used.

Virtual space:
  Non-class space:       48.00 MB reserved,      47.50 MB ( 99%) committed,  6 nodes.
      Class space:        1.00 GB reserved,       7.12 MB ( <1%) committed,  1 nodes.
             Both:        1.05 GB reserved,      54.62 MB (  5%) committed. 

Chunk freelists:
   Non-Class:  560.00 KB
       Class:  912.00 KB
        Both:  1.44 MB

MaxMetaspaceSize: unlimited
CompressedClassSpaceSize: 1.00 GB
Initial GC threshold: 21.00 MB
Current GC threshold: 68.75 MB
CDS: off
MetaspaceReclaimPolicy: balanced
 - commit_granule_bytes: 65536.
 - commit_granule_words: 8192.
 - virtual_space_node_default_size: 1048576.
 - enlarge_chunks_in_place: 1.
 - new_chunks_are_fully_committed: 0.
 - uncommit_free_chunks: 1.
 - use_allocation_guard: 0.
 - handle_deallocations: 1.


Internal statistics:

num_allocs_failed_limit: 6.
num_arena_births: 542.
num_arena_deaths: 0.
num_vsnodes_births: 7.
num_vsnodes_deaths: 0.
num_space_committed: 874.
num_space_uncommitted: 0.
num_chunks_returned_to_freelist: 6.
num_chunks_taken_from_freelist: 2292.
num_chunk_merges: 6.
num_chunk_splits: 1552.
num_chunks_enlarged: 1113.
num_purges: 0.
num_inconsistent_stats: 0.

CodeCache: size=49152Kb used=11261Kb max_used=11261Kb free=37890Kb
 bounds [0x000001859ad40000, 0x000001859b840000, 0x000001859dd40000]
 total_blobs=5798 nmethods=5145 adapters=578
 compilation: enabled
              stopped_count=0, restarted_count=0
 full_count=0

Compilation events (20 events):
Event: 26.073 Thread 0x00000185a6ff10c0 5137       1       org.eclipse.jdt.internal.compiler.classfmt.FieldInfo::getTypeAnnotations (2 bytes)
Event: 26.073 Thread 0x00000185a2645880 5138       1       org.eclipse.jdt.internal.compiler.classfmt.FieldInfo::getTagBits (5 bytes)
Event: 26.073 Thread 0x00000185a6ff10c0 nmethod 5137 0x000001859b83a790 code [0x000001859b83a920, 0x000001859b83a9f8]
Event: 26.073 Thread 0x00000185a2645880 nmethod 5138 0x000001859b83aa90 code [0x000001859b83ac20, 0x000001859b83acf8]
Event: 26.078 Thread 0x00000185a2645880 5139       1       org.eclipse.jdt.internal.compiler.lookup.ModuleBinding::nameForLookup (5 bytes)
Event: 26.078 Thread 0x00000185a2645880 nmethod 5139 0x000001859b83ad90 code [0x000001859b83af20, 0x000001859b83aff8]
Event: 26.098 Thread 0x00000185a6ff10c0 5140       1       java.util.Hashtable::<init> (8 bytes)
Event: 26.099 Thread 0x00000185a6ff10c0 nmethod 5140 0x000001859b83b090 code [0x000001859b83b240, 0x000001859b83b328]
Event: 26.145 Thread 0x00000185a6ff10c0 5141       1       jdk.internal.jimage.ImageReader$SharedImageReader::visitLocation (73 bytes)
Event: 26.147 Thread 0x00000185a6ff10c0 nmethod 5141 0x000001859b83b390 code [0x000001859b83b5e0, 0x000001859b83bdc8]
Event: 26.155 Thread 0x00000185a6ff10c0 5142       1       org.eclipse.jdt.internal.compiler.lookup.ModuleBinding::name (5 bytes)
Event: 26.156 Thread 0x00000185a6ff10c0 nmethod 5142 0x000001859b83c310 code [0x000001859b83c4a0, 0x000001859b83c578]
Event: 26.159 Thread 0x00000185a7049da0 5143       1       org.eclipse.jdt.core.compiler.CharOperation::arrayConcat (43 bytes)
Event: 26.159 Thread 0x00000185a7049da0 nmethod 5143 0x000001859b83c610 code [0x000001859b83c7e0, 0x000001859b83cc68]
Event: 26.206 Thread 0x00000185a7049da0 5144       1       java.lang.reflect.ProxyGenerator::collectCompatibleTypes (93 bytes)
Event: 26.207 Thread 0x00000185a7049da0 nmethod 5144 0x000001859b83ce10 code [0x000001859b83cfc0, 0x000001859b83d1a8]
Event: 26.209 Thread 0x00000185a6ff10c0 5145       1       com.fasterxml.jackson.databind.JavaType::hashCode (5 bytes)
Event: 26.209 Thread 0x00000185a6ff10c0 nmethod 5145 0x000001859b83d390 code [0x000001859b83d520, 0x000001859b83d5f8]
Event: 26.210 Thread 0x00000185a2645880 5146       1       java.lang.invoke.VarHandleGuards::guard_LIJ_V (137 bytes)
Event: 26.213 Thread 0x00000185a2645880 nmethod 5146 0x000001859b83d990 code [0x000001859b83dca0, 0x000001859b83ec18]

GC Heap History (20 events):
Event: 21.551 GC heap after
{Heap after GC invocations=30 (full 0):
 garbage-first heap   total 239616K, used 80358K [0x00000000c0000000, 0x0000000100000000)
  region size 1024K, 10 young (10240K), 10 survivors (10240K)
 Metaspace       used 42526K, committed 43008K, reserved 1089536K
  class space    used 5368K, committed 5632K, reserved 1048576K
}
Event: 21.557 GC heap before
{Heap before GC invocations=30 (full 0):
 garbage-first heap   total 239616K, used 81382K [0x00000000c0000000, 0x0000000100000000)
  region size 1024K, 11 young (11264K), 10 survivors (10240K)
 Metaspace       used 42526K, committed 43008K, reserved 1089536K
  class space    used 5368K, committed 5632K, reserved 1048576K
}
Event: 21.572 GC heap after
{Heap after GC invocations=31 (full 0):
 garbage-first heap   total 239616K, used 80646K [0x00000000c0000000, 0x0000000100000000)
  region size 1024K, 2 young (2048K), 2 survivors (2048K)
 Metaspace       used 42526K, committed 43008K, reserved 1089536K
  class space    used 5368K, committed 5632K, reserved 1048576K
}
Event: 22.020 GC heap before
{Heap before GC invocations=31 (full 0):
 garbage-first heap   total 239616K, used 178950K [0x00000000c0000000, 0x0000000100000000)
  region size 1024K, 99 young (101376K), 2 survivors (2048K)
 Metaspace       used 43578K, committed 44032K, reserved 1089536K
  class space    used 5509K, committed 5696K, reserved 1048576K
}
Event: 22.027 GC heap after
{Heap after GC invocations=32 (full 0):
 garbage-first heap   total 239616K, used 82808K [0x00000000c0000000, 0x0000000100000000)
  region size 1024K, 4 young (4096K), 4 survivors (4096K)
 Metaspace       used 43578K, committed 44032K, reserved 1089536K
  class space    used 5509K, committed 5696K, reserved 1048576K
}
Event: 22.487 GC heap before
{Heap before GC invocations=32 (full 0):
 garbage-first heap   total 239616K, used 183160K [0x00000000c0000000, 0x0000000100000000)
  region size 1024K, 103 young (105472K), 4 survivors (4096K)
 Metaspace       used 45422K, committed 45952K, reserved 1089536K
  class space    used 5722K, committed 5952K, reserved 1048576K
}
Event: 22.495 GC heap after
{Heap after GC invocations=33 (full 0):
 garbage-first heap   total 239616K, used 87580K [0x00000000c0000000, 0x0000000100000000)
  region size 1024K, 9 young (9216K), 9 survivors (9216K)
 Metaspace       used 45422K, committed 45952K, reserved 1089536K
  class space    used 5722K, committed 5952K, reserved 1048576K
}
Event: 23.169 GC heap before
{Heap before GC invocations=33 (full 0):
 garbage-first heap   total 239616K, used 187932K [0x00000000c0000000, 0x0000000100000000)
  region size 1024K, 108 young (110592K), 9 survivors (9216K)
 Metaspace       used 47228K, committed 47744K, reserved 1097728K
  class space    used 6004K, committed 6272K, reserved 1048576K
}
Event: 23.182 GC heap after
{Heap after GC invocations=34 (full 0):
 garbage-first heap   total 239616K, used 93609K [0x00000000c0000000, 0x0000000100000000)
  region size 1024K, 11 young (11264K), 11 survivors (11264K)
 Metaspace       used 47228K, committed 47744K, reserved 1097728K
  class space    used 6004K, committed 6272K, reserved 1048576K
}
Event: 23.523 GC heap before
{Heap before GC invocations=34 (full 0):
 garbage-first heap   total 239616K, used 191913K [0x00000000c0000000, 0x0000000100000000)
  region size 1024K, 108 young (110592K), 11 survivors (11264K)
 Metaspace       used 48249K, committed 48704K, reserved 1097728K
  class space    used 6147K, committed 6336K, reserved 1048576K
}
Event: 23.533 GC heap after
{Heap after GC invocations=35 (full 0):
 garbage-first heap   total 239616K, used 97319K [0x00000000c0000000, 0x0000000100000000)
  region size 1024K, 10 young (10240K), 10 survivors (10240K)
 Metaspace       used 48249K, committed 48704K, reserved 1097728K
  class space    used 6147K, committed 6336K, reserved 1048576K
}
Event: 24.428 GC heap before
{Heap before GC invocations=35 (full 0):
 garbage-first heap   total 239616K, used 194599K [0x00000000c0000000, 0x0000000100000000)
  region size 1024K, 106 young (108544K), 10 survivors (10240K)
 Metaspace       used 51257K, committed 51712K, reserved 1097728K
  class space    used 6520K, committed 6720K, reserved 1048576K
}
Event: 24.440 GC heap after
{Heap after GC invocations=36 (full 0):
 garbage-first heap   total 239616K, used 102093K [0x00000000c0000000, 0x0000000100000000)
  region size 1024K, 9 young (9216K), 9 survivors (9216K)
 Metaspace       used 51257K, committed 51712K, reserved 1097728K
  class space    used 6520K, committed 6720K, reserved 1048576K
}
Event: 24.984 GC heap before
{Heap before GC invocations=36 (full 0):
 garbage-first heap   total 239616K, used 196301K [0x00000000c0000000, 0x0000000100000000)
  region size 1024K, 103 young (105472K), 9 survivors (9216K)
 Metaspace       used 52570K, committed 53056K, reserved 1097728K
  class space    used 6741K, committed 6976K, reserved 1048576K
}
Event: 25.001 GC heap after
{Heap after GC invocations=37 (full 0):
 garbage-first heap   total 239616K, used 106180K [0x00000000c0000000, 0x0000000100000000)
  region size 1024K, 9 young (9216K), 9 survivors (9216K)
 Metaspace       used 52570K, committed 53056K, reserved 1097728K
  class space    used 6741K, committed 6976K, reserved 1048576K
}
Event: 25.386 GC heap before
{Heap before GC invocations=37 (full 0):
 garbage-first heap   total 239616K, used 198340K [0x00000000c0000000, 0x0000000100000000)
  region size 1024K, 100 young (102400K), 9 survivors (9216K)
 Metaspace       used 53605K, committed 54080K, reserved 1097728K
  class space    used 6873K, committed 7104K, reserved 1048576K
}
Event: 25.400 GC heap after
{Heap after GC invocations=38 (full 0):
 garbage-first heap   total 239616K, used 112004K [0x00000000c0000000, 0x0000000100000000)
  region size 1024K, 10 young (10240K), 10 survivors (10240K)
 Metaspace       used 53605K, committed 54080K, reserved 1097728K
  class space    used 6873K, committed 7104K, reserved 1048576K
}
Event: 25.910 GC heap before
{Heap before GC invocations=38 (full 0):
 garbage-first heap   total 239616K, used 198020K [0x00000000c0000000, 0x0000000100000000)
  region size 1024K, 95 young (97280K), 10 survivors (10240K)
 Metaspace       used 54544K, committed 55040K, reserved 1097728K
  class space    used 6983K, committed 7232K, reserved 1048576K
}
Event: 25.923 GC heap after
{Heap after GC invocations=39 (full 0):
 garbage-first heap   total 239616K, used 116207K [0x00000000c0000000, 0x0000000100000000)
  region size 1024K, 10 young (10240K), 10 survivors (10240K)
 Metaspace       used 54544K, committed 55040K, reserved 1097728K
  class space    used 6983K, committed 7232K, reserved 1048576K
}
Event: 26.251 GC heap before
{Heap before GC invocations=39 (full 0):
 garbage-first heap   total 239616K, used 199151K [0x00000000c0000000, 0x0000000100000000)
  region size 1024K, 92 young (94208K), 10 survivors (10240K)
 Metaspace       used 55483K, committed 55936K, reserved 1097728K
  class space    used 7079K, committed 7296K, reserved 1048576K
}

Dll operation events (9 events):
Event: 0.014 Loaded shared library c:\Users\lufer\.vscode\extensions\redhat.java-1.15.0-win32-x64\jre\17.0.6-win32-x86_64\bin\java.dll
Event: 0.670 Loaded shared library C:\Users\lufer\.vscode\extensions\redhat.java-1.15.0-win32-x64\jre\17.0.6-win32-x86_64\bin\net.dll
Event: 0.675 Loaded shared library C:\Users\lufer\.vscode\extensions\redhat.java-1.15.0-win32-x64\jre\17.0.6-win32-x86_64\bin\nio.dll
Event: 0.710 Loaded shared library C:\Users\lufer\.vscode\extensions\redhat.java-1.15.0-win32-x64\jre\17.0.6-win32-x86_64\bin\zip.dll
Event: 1.495 Loaded shared library C:\Users\lufer\.vscode\extensions\redhat.java-1.15.0-win32-x64\jre\17.0.6-win32-x86_64\bin\jimage.dll
Event: 2.394 Loaded shared library c:\Users\lufer\.vscode\extensions\redhat.java-1.15.0-win32-x64\jre\17.0.6-win32-x86_64\bin\verify.dll
Event: 13.509 Loaded shared library C:\Users\lufer\.vscode\extensions\redhat.java-1.15.0-win32-x64\jre\17.0.6-win32-x86_64\bin\management.dll
Event: 13.526 Loaded shared library C:\Users\lufer\.vscode\extensions\redhat.java-1.15.0-win32-x64\jre\17.0.6-win32-x86_64\bin\management_ext.dll
Event: 23.705 Loaded shared library C:\Users\lufer\.vscode\extensions\redhat.java-1.15.0-win32-x64\jre\17.0.6-win32-x86_64\bin\sunmscapi.dll

Deoptimization events (16 events):
Event: 6.391 Thread 0x00000185980b2750 DEOPT PACKING pc=0x000001859b248e99 sp=0x0000000641ffd0f0
Event: 6.391 Thread 0x00000185980b2750 DEOPT UNPACKING pc=0x000001859ad97143 sp=0x0000000641ffc5d0 mode 3
Event: 14.783 Thread 0x00000185a41f5850 DEOPT PACKING pc=0x000001859b450935 sp=0x0000000643bfd760
Event: 14.783 Thread 0x00000185a41f5850 DEOPT UNPACKING pc=0x000001859ad97143 sp=0x0000000643bfcc88 mode 3
Event: 15.099 Thread 0x00000185a3a17b50 DEOPT PACKING pc=0x000001859b24ac01 sp=0x0000000643afd770
Event: 15.099 Thread 0x00000185a3a17b50 DEOPT UNPACKING pc=0x000001859ad97143 sp=0x0000000643afcc00 mode 3
Event: 15.221 Thread 0x00000185a41f5850 DEOPT PACKING pc=0x000001859b246e97 sp=0x0000000643bfedd0
Event: 15.221 Thread 0x00000185a41f5850 DEOPT UNPACKING pc=0x000001859ad97143 sp=0x0000000643bfe228 mode 3
Event: 15.765 Thread 0x00000185a426c840 DEOPT PACKING pc=0x000001859b476eab sp=0x0000000643dfe4c0
Event: 15.766 Thread 0x00000185a426c840 DEOPT UNPACKING pc=0x000001859ad97143 sp=0x0000000643dfda08 mode 3
Event: 17.738 Thread 0x00000185a485de00 DEOPT PACKING pc=0x000001859b57dd04 sp=0x00000006447fe760
Event: 17.738 Thread 0x00000185a485de00 DEOPT UNPACKING pc=0x000001859ad97143 sp=0x00000006447fdc00 mode 0
Event: 21.861 Thread 0x00000185a4862b00 DEOPT PACKING pc=0x000001859af33d8c sp=0x00000006451fdf50
Event: 21.861 Thread 0x00000185a4862b00 DEOPT UNPACKING pc=0x000001859ad97143 sp=0x00000006451fd418 mode 0
Event: 25.603 Thread 0x00000185a4588a40 DEOPT PACKING pc=0x000001859b7eda6e sp=0x0000000643ffd4a0
Event: 25.603 Thread 0x00000185a4588a40 DEOPT UNPACKING pc=0x000001859ad97143 sp=0x0000000643ffc998 mode 3

Classes unloaded (0 events):
No events

Classes redefined (0 events):
No events

Internal exceptions (20 events):
Event: 15.883 Thread 0x00000185a45898b0 Exception <a 'sun/nio/fs/WindowsException'{0x00000000c63b8ab0}> (0x00000000c63b8ab0) 
thrown [s\src\hotspot\share\prims\jni.cpp, line 516]
Event: 15.884 Thread 0x00000185a45898b0 Exception <a 'sun/nio/fs/WindowsException'{0x00000000c63b94d0}> (0x00000000c63b94d0) 
thrown [s\src\hotspot\share\prims\jni.cpp, line 516]
Event: 15.884 Thread 0x00000185a45898b0 Exception <a 'sun/nio/fs/WindowsException'{0x00000000c63b98b8}> (0x00000000c63b98b8) 
thrown [s\src\hotspot\share\prims\jni.cpp, line 516]
Event: 17.757 Thread 0x00000185a41f5850 Exception <a 'java/lang/NoSuchMethodError'{0x00000000c6a97708}: 'java.lang.Object java.lang.invoke.Invokers$Holder.invoke_MT(java.lang.Object, java.lang.Object, java.lang.Object)'> (0x00000000c6a97708) 
thrown [s\src\hotspot\share\interpreter\linkResolver.cpp, line 759]
Event: 18.411 Thread 0x00000185a41f5850 Exception <a 'java/lang/NoSuchMethodError'{0x00000000c7289720}: 'java.lang.Object java.lang.invoke.DirectMethodHandle$Holder.newInvokeSpecial(java.lang.Object, java.lang.Object, int)'> (0x00000000c7289720) 
thrown [s\src\hotspot\share\interpreter\linkResolver.cpp, line 759]
Event: 18.423 Thread 0x00000185a485ffb0 Exception <a 'java/lang/NoSuchMethodError'{0x00000000c707e588}: 'java.lang.Object java.lang.invoke.DirectMethodHandle$Holder.newInvokeSpecial(java.lang.Object, java.lang.Object, java.lang.Object, java.lang.Object, java.lang.Object, java.lang.Object, java.lang.Object)'> (0x00000000c707e588) 
thrown [s\src\hotspot\share\interpreter\linkResolver.cpp, line 759]
Event: 18.423 Thread 0x00000185a485ffb0 Exception <a 'java/lang/NoSuchMethodError'{0x00000000c7082ea8}: 'java.lang.Object java.lang.invoke.Invokers$Holder.linkToTargetMethod(java.lang.Object, java.lang.Object, java.lang.Object, java.lang.Object, java.lang.Object, java.lang.Object, java.lang.Object)'> (0x00000000c7082ea8) 
thrown [s\src\hotspot\share\interpreter\linkResolver.cpp, line 759]
Event: 20.565 Thread 0x00000185a4862b00 Exception <a 'java/lang/NoSuchMethodError'{0x00000000c6d13110}: 'void java.lang.invoke.DirectMethodHandle$Holder.invokeVirtual(java.lang.Object, java.lang.Object, java.lang.Object, java.lang.Object)'> (0x00000000c6d13110) 
thrown [s\src\hotspot\share\interpreter\linkResolver.cpp, line 759]
Event: 22.305 Thread 0x00000185a4862b00 Exception <a 'sun/nio/fs/WindowsException'{0x00000000ca670360}> (0x00000000ca670360) 
thrown [s\src\hotspot\share\prims\jni.cpp, line 516]
Event: 22.372 Thread 0x00000185a4862b00 Exception <a 'java/lang/NoSuchMethodError'{0x00000000c9668108}: 'int java.lang.invoke.DirectMethodHandle$Holder.invokeStaticInit(java.lang.Object, java.lang.Object, java.lang.Object, java.lang.Object)'> (0x00000000c9668108) 
thrown [s\src\hotspot\share\interpreter\linkResolver.cpp, line 759]
Event: 24.483 Thread 0x00000185a4864310 Exception <a 'java/lang/IncompatibleClassChangeError'{0x00000000cdff3568}: Found class java.lang.Object, but interface was expected> (0x00000000cdff3568) 
thrown [s\src\hotspot\share\interpreter\linkResolver.cpp, line 826]
Event: 24.561 Thread 0x00000185a4862630 Exception <a 'sun/nio/fs/WindowsException'{0x00000000cce1e660}> (0x00000000cce1e660) 
thrown [s\src\hotspot\share\prims\jni.cpp, line 516]
Event: 24.561 Thread 0x00000185a4862630 Exception <a 'sun/nio/fs/WindowsException'{0x00000000cce1e9f0}> (0x00000000cce1e9f0) 
thrown [s\src\hotspot\share\prims\jni.cpp, line 516]
Event: 25.082 Thread 0x00000185a4862630 Exception <a 'sun/nio/fs/WindowsException'{0x00000000cd07af18}> (0x00000000cd07af18) 
thrown [s\src\hotspot\share\prims\jni.cpp, line 516]
Event: 25.083 Thread 0x00000185a4862630 Exception <a 'sun/nio/fs/WindowsException'{0x00000000cd07bd60}> (0x00000000cd07bd60) 
thrown [s\src\hotspot\share\prims\jni.cpp, line 516]
Event: 25.211 Thread 0x00000185a4588570 Exception <a 'java/lang/NoSuchMethodError'{0x00000000caf4bd98}: 'int java.lang.invoke.DirectMethodHandle$Holder.invokeSpecialIFC(java.lang.Object, java.lang.Object, java.lang.Object)'> (0x00000000caf4bd98) 
thrown [s\src\hotspot\share\interpreter\linkResolver.cpp, line 759]
Event: 25.603 Thread 0x00000185a4588a40 Implicit null exception at 0x000001859b7ed844 to 0x000001859b7eda69
Event: 25.909 Thread 0x00000185a4588a40 Exception <a 'java/lang/NoSuchMethodError'{0x00000000c95b7e38}: 'int java.lang.invoke.DirectMethodHandle$Holder.invokeStatic(java.lang.Object, int, java.lang.Object)'> (0x00000000c95b7e38) 
thrown [s\src\hotspot\share\interpreter\linkResolver.cpp, line 759]
Event: 25.909 Thread 0x00000185a4588570 Exception <a 'java/lang/NoSuchMethodError'{0x00000000c9eb0160}: 'int java.lang.invoke.DirectMethodHandle$Holder.invokeStatic(java.lang.Object, int, java.lang.Object)'> (0x00000000c9eb0160) 
thrown [s\src\hotspot\share\interpreter\linkResolver.cpp, line 759]
Event: 26.104 Thread 0x00000185a4862630 Exception <a 'java/lang/IncompatibleClassChangeError'{0x00000000cbe70a48}: Found class java.lang.Object, but interface was expected> (0x00000000cbe70a48) 
thrown [s\src\hotspot\share\interpreter\linkResolver.cpp, line 826]

VM Operations (20 events):
Event: 24.978 Executing VM operation: G1CollectForAllocation done
Event: 24.984 Executing VM operation: G1CollectForAllocation
Event: 25.002 Executing VM operation: G1CollectForAllocation done
Event: 25.345 Executing VM operation: G1CollectForAllocation
Event: 25.385 Executing VM operation: G1CollectForAllocation done
Event: 25.386 Executing VM operation: G1CollectForAllocation
Event: 25.400 Executing VM operation: G1CollectForAllocation done
Event: 25.473 Executing VM operation: HandshakeAllThreads
Event: 25.556 Executing VM operation: HandshakeAllThreads done
Event: 25.603 Executing VM operation: HandshakeAllThreads
Event: 25.683 Executing VM operation: HandshakeAllThreads done
Event: 25.910 Executing VM operation: G1CollectForAllocation
Event: 25.925 Executing VM operation: G1CollectForAllocation done
Event: 25.944 Executing VM operation: HandshakeAllThreads
Event: 26.015 Executing VM operation: HandshakeAllThreads done
Event: 26.167 Executing VM operation: HandshakeAllThreads
Event: 26.204 Executing VM operation: HandshakeAllThreads done
Event: 26.214 Executing VM operation: G1CollectForAllocation
Event: 26.250 Executing VM operation: G1CollectForAllocation done
Event: 26.250 Executing VM operation: G1CollectForAllocation

Events (20 events):
Event: 25.988 loading class sun/net/www/HeaderParser
Event: 25.988 loading class sun/net/www/HeaderParser done
Event: 26.020 loading class java/util/stream/ReferencePipeline$4
Event: 26.020 loading class java/util/stream/ReferencePipeline$4 done
Event: 26.021 loading class java/util/stream/Nodes$IntFixedNodeBuilder
Event: 26.021 loading class java/util/stream/Node$Builder$OfInt
Event: 26.021 loading class java/util/stream/Node$Builder$OfInt done
Event: 26.021 loading class java/util/stream/Nodes$IntArrayNode
Event: 26.021 loading class java/util/stream/Nodes$IntArrayNode done
Event: 26.022 loading class java/util/stream/Nodes$IntFixedNodeBuilder done
Event: 26.026 loading class sun/net/www/http/ChunkedInputStream
Event: 26.028 loading class java/util/stream/ReferencePipeline$4$1
Event: 26.029 loading class sun/net/www/http/Hurryable
Event: 26.029 loading class sun/net/www/http/Hurryable done
Event: 26.029 loading class sun/net/www/http/ChunkedInputStream done
Event: 26.030 loading class java/util/stream/ReferencePipeline$4$1 done
Event: 26.036 loading class sun/net/www/protocol/http/HttpURLConnection$HttpInputStream
Event: 26.037 loading class sun/net/www/protocol/http/HttpURLConnection$HttpInputStream done
Event: 26.103 loading class java/util/AbstractList$RandomAccessSpliterator
Event: 26.103 loading class java/util/AbstractList$RandomAccessSpliterator done


Dynamic libraries:
0x00007ff6735f0000 - 0x00007ff6735fe000 	c:\Users\lufer\.vscode\extensions\redhat.java-1.15.0-win32-x64\jre\17.0.6-win32-x86_64\bin\java.exe
0x00007ff8410b0000 - 0x00007ff8412a8000 	C:\WINDOWS\SYSTEM32\ntdll.dll
0x00007ff840550000 - 0x00007ff84060f000 	C:\WINDOWS\System32\KERNEL32.DLL
0x00007ff83ec70000 - 0x00007ff83ef42000 	C:\WINDOWS\System32\KERNELBASE.dll
0x00007ff83ea50000 - 0x00007ff83eb50000 	C:\WINDOWS\System32\ucrtbase.dll
0x00007ff8387a0000 - 0x00007ff8387b7000 	c:\Users\lufer\.vscode\extensions\redhat.java-1.15.0-win32-x64\jre\17.0.6-win32-x86_64\bin\jli.dll
0x00007ff838780000 - 0x00007ff838799000 	c:\Users\lufer\.vscode\extensions\redhat.java-1.15.0-win32-x64\jre\17.0.6-win32-x86_64\bin\VCRUNTIME140.dll
0x00007ff840150000 - 0x00007ff8402f1000 	C:\WINDOWS\System32\USER32.dll
0x00007ff83db70000 - 0x00007ff83de0a000 	C:\WINDOWS\WinSxS\amd64_microsoft.windows.common-controls_6595b64144ccf1df_6.0.19041.1110_none_60b5254171f9507e\COMCTL32.dll
0x00007ff83e7a0000 - 0x00007ff83e7c2000 	C:\WINDOWS\System32\win32u.dll
0x00007ff840440000 - 0x00007ff8404de000 	C:\WINDOWS\System32\msvcrt.dll
0x00007ff840410000 - 0x00007ff84043b000 	C:\WINDOWS\System32\GDI32.dll
0x00007ff83ef50000 - 0x00007ff83f05f000 	C:\WINDOWS\System32\gdi32full.dll
0x00007ff83ebd0000 - 0x00007ff83ec6d000 	C:\WINDOWS\System32\msvcp_win.dll
0x00007ff840dc0000 - 0x00007ff840df2000 	C:\WINDOWS\System32\IMM32.DLL
0x00007ff83bc00000 - 0x00007ff83bc0c000 	c:\Users\lufer\.vscode\extensions\redhat.java-1.15.0-win32-x64\jre\17.0.6-win32-x86_64\bin\vcruntime140_1.dll
0x00007ff81f290000 - 0x00007ff81f321000 	c:\Users\lufer\.vscode\extensions\redhat.java-1.15.0-win32-x64\jre\17.0.6-win32-x86_64\bin\msvcp140.dll
0x00007ffff62a0000 - 0x00007ffff6ee7000 	c:\Users\lufer\.vscode\extensions\redhat.java-1.15.0-win32-x64\jre\17.0.6-win32-x86_64\bin\server\jvm.dll
0x00007ff83f100000 - 0x00007ff83f1ae000 	C:\WINDOWS\System32\ADVAPI32.dll
0x00007ff83ff20000 - 0x00007ff83ffbc000 	C:\WINDOWS\System32\sechost.dll
0x00007ff83f8c0000 - 0x00007ff83f9e5000 	C:\WINDOWS\System32\RPCRT4.dll
0x00007ff83b140000 - 0x00007ff83b167000 	C:\WINDOWS\SYSTEM32\WINMM.dll
0x00007ff82e8f0000 - 0x00007ff82e8fa000 	C:\WINDOWS\SYSTEM32\VERSION.dll
0x00007ff838cf0000 - 0x00007ff838cf9000 	C:\WINDOWS\SYSTEM32\WSOCK32.dll
0x00007ff841000000 - 0x00007ff84106b000 	C:\WINDOWS\System32\WS2_32.dll
0x00007ff83b820000 - 0x00007ff83b832000 	C:\WINDOWS\SYSTEM32\kernel.appcore.dll
0x00007ff838a00000 - 0x00007ff838a0a000 	c:\Users\lufer\.vscode\extensions\redhat.java-1.15.0-win32-x64\jre\17.0.6-win32-x86_64\bin\jimage.dll
0x00007ff83e000000 - 0x00007ff83e1e4000 	C:\WINDOWS\SYSTEM32\DBGHELP.DLL
0x00007ff83df50000 - 0x00007ff83df85000 	C:\WINDOWS\SYSTEM32\dbgcore.DLL
0x00007ff83f060000 - 0x00007ff83f0e2000 	C:\WINDOWS\System32\bcryptPrimitives.dll
0x00007ff8327a0000 - 0x00007ff8327c5000 	c:\Users\lufer\.vscode\extensions\redhat.java-1.15.0-win32-x64\jre\17.0.6-win32-x86_64\bin\java.dll
0x00007ff838750000 - 0x00007ff838768000 	c:\Users\lufer\.vscode\extensions\redhat.java-1.15.0-win32-x64\jre\17.0.6-win32-x86_64\bin\zip.dll
0x00007ff840670000 - 0x00007ff840db5000 	C:\WINDOWS\System32\SHELL32.dll
0x00007ff83c1b0000 - 0x00007ff83c942000 	C:\WINDOWS\SYSTEM32\windows.storage.dll
0x00007ff83f1b0000 - 0x00007ff83f505000 	C:\WINDOWS\System32\combase.dll
0x00007ff83db00000 - 0x00007ff83db30000 	C:\WINDOWS\SYSTEM32\Wldp.dll
0x00007ff840360000 - 0x00007ff84040d000 	C:\WINDOWS\System32\SHCORE.dll
0x00007ff840610000 - 0x00007ff840665000 	C:\WINDOWS\System32\shlwapi.dll
0x00007ff83e6e0000 - 0x00007ff83e6ff000 	C:\WINDOWS\SYSTEM32\profapi.dll
0x00007ff832780000 - 0x00007ff832799000 	C:\Users\lufer\.vscode\extensions\redhat.java-1.15.0-win32-x64\jre\17.0.6-win32-x86_64\bin\net.dll
0x00007ff831a00000 - 0x00007ff831b0c000 	C:\WINDOWS\SYSTEM32\WINHTTP.dll
0x00007ff83d740000 - 0x00007ff83d7aa000 	C:\WINDOWS\system32\mswsock.dll
0x00007ff832760000 - 0x00007ff832775000 	C:\Users\lufer\.vscode\extensions\redhat.java-1.15.0-win32-x64\jre\17.0.6-win32-x86_64\bin\nio.dll
0x00007ff836bc0000 - 0x00007ff836bd0000 	c:\Users\lufer\.vscode\extensions\redhat.java-1.15.0-win32-x64\jre\17.0.6-win32-x86_64\bin\verify.dll
0x00007ff83e530000 - 0x00007ff83e548000 	C:\WINDOWS\SYSTEM32\CRYPTSP.dll
0x00007ff83d130000 - 0x00007ff83d164000 	C:\WINDOWS\system32\rsaenh.dll
0x00007ff83eba0000 - 0x00007ff83ebc7000 	C:\WINDOWS\System32\bcrypt.dll
0x00007ff83e660000 - 0x00007ff83e68e000 	C:\WINDOWS\SYSTEM32\USERENV.dll
0x00007ff83d940000 - 0x00007ff83d94c000 	C:\WINDOWS\SYSTEM32\CRYPTBASE.dll
0x00007ff83d4c0000 - 0x00007ff83d4fb000 	C:\WINDOWS\SYSTEM32\IPHLPAPI.DLL
0x00007ff83f0f0000 - 0x00007ff83f0f8000 	C:\WINDOWS\System32\NSI.dll
0x00007ff833f50000 - 0x00007ff833f67000 	C:\WINDOWS\SYSTEM32\dhcpcsvc6.DLL
0x00007ff834a00000 - 0x00007ff834a1d000 	C:\WINDOWS\SYSTEM32\dhcpcsvc.DLL
0x00007ff83d500000 - 0x00007ff83d5cb000 	C:\WINDOWS\SYSTEM32\DNSAPI.dll
0x00007ff832750000 - 0x00007ff832759000 	C:\Users\lufer\.vscode\extensions\redhat.java-1.15.0-win32-x64\jre\17.0.6-win32-x86_64\bin\management.dll
0x00007ff82b690000 - 0x00007ff82b69b000 	C:\Users\lufer\.vscode\extensions\redhat.java-1.15.0-win32-x64\jre\17.0.6-win32-x86_64\bin\management_ext.dll
0x00007ff840540000 - 0x00007ff840548000 	C:\WINDOWS\System32\PSAPI.DLL
0x00007ff837040000 - 0x00007ff83704e000 	C:\Users\lufer\.vscode\extensions\redhat.java-1.15.0-win32-x64\jre\17.0.6-win32-x86_64\bin\sunmscapi.dll
0x00007ff83e840000 - 0x00007ff83e996000 	C:\WINDOWS\System32\CRYPT32.dll
0x00007ff83de10000 - 0x00007ff83de37000 	C:\WINDOWS\SYSTEM32\ncrypt.dll
0x00007ff83db30000 - 0x00007ff83db6b000 	C:\WINDOWS\SYSTEM32\NTASN1.dll
0x00007ff82f7e0000 - 0x00007ff82f7ea000 	C:\Windows\System32\rasadhlp.dll
0x00007ff8301a0000 - 0x00007ff830220000 	C:\WINDOWS\System32\fwpuclnt.dll

dbghelp: loaded successfully - version: 4.0.5 - missing functions: none
symbol engine: initialized successfully - sym options: 0x614 - pdb path: .;c:\Users\lufer\.vscode\extensions\redhat.java-1.15.0-win32-x64\jre\17.0.6-win32-x86_64\bin;C:\WINDOWS\SYSTEM32;C:\WINDOWS\WinSxS\amd64_microsoft.windows.common-controls_6595b64144ccf1df_6.0.19041.1110_none_60b5254171f9507e;c:\Users\lufer\.vscode\extensions\redhat.java-1.15.0-win32-x64\jre\17.0.6-win32-x86_64\bin\server

VM Arguments:
jvm_args: -XX:+HeapDumpOnOutOfMemoryError -Xmx1024m -Dsts.lsp.client=vscode -Dsts.log.file=/dev/null -XX:TieredStopAtLevel=1 -Xlog:jni+resolve=off -Dspring.config.location=file:c:\Users\lufer\.vscode\extensions\vmware.vscode-spring-boot-1.44.0\language-server\BOOT-INF\classes\application.properties 
java_command: org.springframework.ide.vscode.boot.app.BootLanguageServerBootApp
java_class_path (initial): c:\Users\lufer\.vscode\extensions\vmware.vscode-spring-boot-1.44.0\language-server\BOOT-INF\classes;c:\Users\lufer\.vscode\extensions\vmware.vscode-spring-boot-1.44.0\language-server\BOOT-INF\lib\annotations-24.0.0.jar;c:\Users\lufer\.vscode\extensions\vmware.vscode-spring-boot-1.44.0\language-server\BOOT-INF\lib\ant-1.10.13.jar;c:\Users\lufer\.vscode\extensions\vmware.vscode-spring-boot-1.44.0\language-server\BOOT-INF\lib\ant-launcher-1.10.13.jar;c:\Users\lufer\.vscode\extensions\vmware.vscode-spring-boot-1.44.0\language-server\BOOT-INF\lib\antlr-runtime-3.5.2.jar;c:\Users\lufer\.vscode\extensions\vmware.vscode-spring-boot-1.44.0\language-server\BOOT-INF\lib\antlr4-4.9.3.jar;c:\Users\lufer\.vscode\extensions\vmware.vscode-spring-boot-1.44.0\language-server\BOOT-INF\lib\antlr4-runtime-4.9.3.jar;c:\Users\lufer\.vscode\extensions\vmware.vscode-spring-boot-1.44.0\language-server\BOOT-INF\lib\apiguardian-api-1.1.2.jar;c:\Users\lufer\.vscode\extensions\vmware.vscode-spring-boot-1.44.0\language-server\BOOT-INF\lib\asm-9.4.jar;c:\Users\lufer\.vscode\extensions\vmware.vscode-spring-boot-1.44.0\language-server\BOOT-INF\lib\asm-analysis-9.4.jar;c:\Users\lufer\.vscode\extensions\vmware.vscode-spring-boot-1.44.0\language-server\BOOT-INF\lib\asm-tree-9.4.jar;c:\Users\lufer\.vscode\extensions\vmware.vscode-spring-boot-1.44.0\language-server\BOOT-INF\lib\asm-util-9.4.jar;c:\Users\lufer\.vscode\extensions\vmware.vscode-spring-boot-1.44.0\language-server\BOOT-INF\lib\caffeine-3.1.2.jar;c:\Users\lufer\.vscode\extensions\vmware.vscode-spring-boot-1.44.0\language-server\BOOT-INF\lib\checker-qual-3.12.0.jar;c:\Users\lufer\.vscode\extensions\vmware.vscode-spring-boot-1.44.0\language-server\BOOT-INF\lib\ci-environment-9.1.0.jar;c:\Users\lufer\.vscode\extensions\vmware.vscode-spring-boot-1.44.0\language-server\BOOT-INF\lib\classgraph-4.8.149.jar;c:\Users\lufer\.vscode\extensions\vmware.vscode-spring-boot-1.44.0\language-server\BOOT-INF\lib\commons-codec-1.15.ja
Launcher Type: SUN_STANDARD

[Global flags]
     intx CICompilerCount                          = 3                                         {product} {ergonomic}
     uint ConcGCThreads                            = 1                                         {product} {ergonomic}
     uint G1ConcRefinementThreads                  = 4                                         {product} {ergonomic}
   size_t G1HeapRegionSize                         = 1048576                                   {product} {ergonomic}
    uintx GCDrainStackTargetSize                   = 64                                        {product} {ergonomic}
     bool HeapDumpOnOutOfMemoryError               = true                                   {manageable} {command line}
   size_t InitialHeapSize                          = 134217728                                 {product} {ergonomic}
   size_t MarkStackSize                            = 4194304                                   {product} {ergonomic}
   size_t MaxHeapSize                              = 1073741824                                {product} {command line}
   size_t MaxNewSize                               = 643825664                                 {product} {ergonomic}
   size_t MinHeapDeltaBytes                        = 1048576                                   {product} {ergonomic}
   size_t MinHeapSize                              = 8388608                                   {product} {ergonomic}
    uintx NonProfiledCodeHeapSize                  = 0                                      {pd product} {ergonomic}
     bool ProfileInterpreter                       = false                                  {pd product} {command line}
    uintx ProfiledCodeHeapSize                     = 0                                      {pd product} {ergonomic}
   size_t SoftMaxHeapSize                          = 1073741824                             {manageable} {ergonomic}
     intx TieredStopAtLevel                        = 1                                         {product} {command line}
     bool UseCompressedClassPointers               = true                           {product lp64_product} {ergonomic}
     bool UseCompressedOops                        = true                           {product lp64_product} {ergonomic}
     bool UseG1GC                                  = true                                      {product} {ergonomic}
     bool UseLargePagesIndividualAllocation        = false                                  {pd product} {ergonomic}

Logging:
Log output configuration:
 #0: stdout all=warning,jni+resolve=off uptime,level,tags
 #1: stderr all=off uptime,level,tags

Environment Variables:
JAVA_HOME=C:\Program Files\Java\jdk-18.0.1.1
PATH=C:\WINDOWS\system32;C:\WINDOWS;C:\WINDOWS\System32\Wbem;C:\WINDOWS\System32\WindowsPowerShell\v1.0\;C:\WINDOWS\System32\OpenSSH\;C:\Program Files\Git\cmd;C:\Program Files\Java\jdk-18.0.1.1\bin;C:\Program Files\Calibre2\;C:\Program Files\nodejs\;C:\Program Files\MySQL\MySQL Shell 8.0\bin\;C:\Users\lufer\AppData\Local\Microsoft\WindowsApps;C:\Users\lufer\AppData\Roaming\npm;C:\Users\lufer\AppData\Local\Programs\Microsoft VS Code\bin;C:\Users\lufer\AppData\Local\JetBrains\Toolbox\scripts;
USERNAME=lufer
OS=Windows_NT
PROCESSOR_IDENTIFIER=Intel64 Family 6 Model 58 Stepping 9, GenuineIntel
TMP=C:\Users\lufer\AppData\Local\Temp
TEMP=C:\Users\lufer\AppData\Local\Temp



---------------  S Y S T E M  ---------------

OS:
 Windows 10 , 64 bit Build 19041 (10.0.19041.2546)
OS uptime: 6 days 7:01 hours
Hyper-V role detected

CPU: total 4 (initial active 4) (2 cores per cpu, 2 threads per core) family 6 model 58 stepping 9 microcode 0x21, cx8, cmov, fxsr, ht, mmx, sse, sse2, sse3, ssse3, sse4.1, sse4.2, popcnt, tsc, tscinvbit, avx, erms, clmul, vzeroupper, clflush, hv

Memory: 4k page, system-wide physical 8089M (3022M free)
TotalPageFile size 14489M (AvailPageFile size 8184M)
current process WorkingSet (physical memory assigned to process): 384M, peak: 387M
current process commit charge ("private bytes"): 395M, peak: 400M

vm_info: OpenJDK 64-Bit Server VM (17.0.6+10) for windows-amd64 JRE (17.0.6+10), built on Jan 18 2023 10:08:59 by "temurin" with MS VC++ 16.7 (VS2019)

END.
